\BOOKMARK [0][-]{chapter.1}{\376\377\0001\000\040\000I\000n\000d\000e\000x\000\040\000d\000e\000s\000\040\000e\000s\000p\000a\000c\000e\000s\000\040\000d\000e\000\040\000n\000o\000m\000m\000a\000g\000e}{}% 1
\BOOKMARK [1][-]{section.1.1}{\376\377\0001\000.\0001\000\040\000L\000i\000s\000t\000e\000\040\000d\000e\000s\000\040\000e\000s\000p\000a\000c\000e\000s\000\040\000d\000e\000\040\000n\000o\000m\000m\000a\000g\000e}{chapter.1}% 2
\BOOKMARK [0][-]{chapter.2}{\376\377\0002\000\040\000I\000n\000d\000e\000x\000\040\000h\000i\000\351\000r\000a\000r\000c\000h\000i\000q\000u\000e}{}% 3
\BOOKMARK [1][-]{section.2.1}{\376\377\0002\000.\0001\000\040\000H\000i\000\351\000r\000a\000r\000c\000h\000i\000e\000\040\000d\000e\000s\000\040\000c\000l\000a\000s\000s\000e\000s}{chapter.2}% 4
\BOOKMARK [0][-]{chapter.3}{\376\377\0003\000\040\000I\000n\000d\000e\000x\000\040\000d\000e\000s\000\040\000c\000l\000a\000s\000s\000e\000s}{}% 5
\BOOKMARK [1][-]{section.3.1}{\376\377\0003\000.\0001\000\040\000L\000i\000s\000t\000e\000\040\000d\000e\000s\000\040\000c\000l\000a\000s\000s\000e\000s}{chapter.3}% 6
\BOOKMARK [0][-]{chapter.4}{\376\377\0004\000\040\000I\000n\000d\000e\000x\000\040\000d\000e\000s\000\040\000f\000i\000c\000h\000i\000e\000r\000s}{}% 7
\BOOKMARK [1][-]{section.4.1}{\376\377\0004\000.\0001\000\040\000L\000i\000s\000t\000e\000\040\000d\000e\000s\000\040\000f\000i\000c\000h\000i\000e\000r\000s}{chapter.4}% 8
\BOOKMARK [0][-]{chapter.5}{\376\377\0005\000\040\000D\000o\000c\000u\000m\000e\000n\000t\000a\000t\000i\000o\000n\000\040\000d\000e\000s\000\040\000e\000s\000p\000a\000c\000e\000s\000\040\000d\000e\000\040\000n\000o\000m\000m\000a\000g\000e}{}% 9
\BOOKMARK [1][-]{section.5.1}{\376\377\0005\000.\0001\000\040\000R\000\351\000f\000\351\000r\000e\000n\000c\000e\000\040\000d\000e\000\040\000l\000\047\000e\000s\000p\000a\000c\000e\000\040\000d\000e\000\040\000n\000o\000m\000m\000a\000g\000e\000\040\000A\000p\000p}{chapter.5}% 10
\BOOKMARK [1][-]{section.5.2}{\376\377\0005\000.\0002\000\040\000R\000\351\000f\000\351\000r\000e\000n\000c\000e\000\040\000d\000e\000\040\000l\000\047\000e\000s\000p\000a\000c\000e\000\040\000d\000e\000\040\000n\000o\000m\000m\000a\000g\000e\000\040\000A\000p\000p\000\134\000C\000o\000n\000t\000r\000o\000l\000l\000e\000r}{chapter.5}% 11
\BOOKMARK [1][-]{section.5.3}{\376\377\0005\000.\0003\000\040\000R\000\351\000f\000\351\000r\000e\000n\000c\000e\000\040\000d\000e\000\040\000l\000\047\000e\000s\000p\000a\000c\000e\000\040\000d\000e\000\040\000n\000o\000m\000m\000a\000g\000e\000\040\000A\000p\000p\000\134\000E\000n\000t\000i\000t\000y}{chapter.5}% 12
\BOOKMARK [1][-]{section.5.4}{\376\377\0005\000.\0004\000\040\000R\000\351\000f\000\351\000r\000e\000n\000c\000e\000\040\000d\000e\000\040\000l\000\047\000e\000s\000p\000a\000c\000e\000\040\000d\000e\000\040\000n\000o\000m\000m\000a\000g\000e\000\040\000A\000p\000p\000\134\000F\000o\000r\000m}{chapter.5}% 13
\BOOKMARK [1][-]{section.5.5}{\376\377\0005\000.\0005\000\040\000R\000\351\000f\000\351\000r\000e\000n\000c\000e\000\040\000d\000e\000\040\000l\000\047\000e\000s\000p\000a\000c\000e\000\040\000d\000e\000\040\000n\000o\000m\000m\000a\000g\000e\000\040\000A\000p\000p\000\134\000R\000e\000p\000o\000s\000i\000t\000o\000r\000y}{chapter.5}% 14
\BOOKMARK [1][-]{section.5.6}{\376\377\0005\000.\0006\000\040\000R\000\351\000f\000\351\000r\000e\000n\000c\000e\000\040\000d\000e\000\040\000l\000\047\000e\000s\000p\000a\000c\000e\000\040\000d\000e\000\040\000n\000o\000m\000m\000a\000g\000e\000\040\000A\000p\000p\000\134\000S\000e\000c\000u\000r\000i\000t\000y}{chapter.5}% 15
\BOOKMARK [1][-]{section.5.7}{\376\377\0005\000.\0007\000\040\000R\000\351\000f\000\351\000r\000e\000n\000c\000e\000\040\000d\000e\000\040\000l\000\047\000e\000s\000p\000a\000c\000e\000\040\000d\000e\000\040\000n\000o\000m\000m\000a\000g\000e\000\040\000A\000p\000p\000\134\000S\000e\000r\000v\000i\000c\000e}{chapter.5}% 16
\BOOKMARK [0][-]{chapter.6}{\376\377\0006\000\040\000D\000o\000c\000u\000m\000e\000n\000t\000a\000t\000i\000o\000n\000\040\000d\000e\000s\000\040\000c\000l\000a\000s\000s\000e\000s}{}% 17
\BOOKMARK [1][-]{section.6.1}{\376\377\0006\000.\0001\000\040\000R\000\351\000f\000\351\000r\000e\000n\000c\000e\000\040\000d\000e\000\040\000l\000a\000\040\000c\000l\000a\000s\000s\000e\000\040\000A\000p\000p\000\134\000C\000o\000n\000t\000r\000o\000l\000l\000e\000r\000\134\000A\000d\000m\000i\000n\000C\000o\000n\000t\000r\000o\000l\000l\000e\000r}{chapter.6}% 18
\BOOKMARK [2][-]{subsection.6.1.1}{\376\377\0006\000.\0001\000.\0001\000\040\000D\000e\000s\000c\000r\000i\000p\000t\000i\000o\000n\000\040\000d\000\351\000t\000a\000i\000l\000l\000\351\000e}{section.6.1}% 19
\BOOKMARK [2][-]{subsection.6.1.2}{\376\377\0006\000.\0001\000.\0002\000\040\000D\000o\000c\000u\000m\000e\000n\000t\000a\000t\000i\000o\000n\000\040\000d\000e\000s\000\040\000f\000o\000n\000c\000t\000i\000o\000n\000s\000\040\000m\000e\000m\000b\000r\000e\000s}{section.6.1}% 20
\BOOKMARK [3][-]{subsubsection.6.1.2.1}{\376\377\0006\000.\0001\000.\0002\000.\0001\000\040\000d\000e\000l\000e\000t\000e\000\050\000\051}{subsection.6.1.2}% 21
\BOOKMARK [3][-]{subsubsection.6.1.2.2}{\376\377\0006\000.\0001\000.\0002\000.\0002\000\040\000e\000d\000i\000t\000\050\000\051}{subsection.6.1.2}% 22
\BOOKMARK [3][-]{subsubsection.6.1.2.3}{\376\377\0006\000.\0001\000.\0002\000.\0003\000\040\000i\000n\000d\000e\000x\000\050\000\051}{subsection.6.1.2}% 23
\BOOKMARK [1][-]{section.6.2}{\376\377\0006\000.\0002\000\040\000R\000\351\000f\000\351\000r\000e\000n\000c\000e\000\040\000d\000e\000\040\000l\000a\000\040\000c\000l\000a\000s\000s\000e\000\040\000A\000p\000p\000\134\000S\000e\000c\000u\000r\000i\000t\000y\000\134\000A\000u\000t\000h\000A\000u\000t\000h\000e\000n\000t\000i\000c\000a\000t\000o\000r}{chapter.6}% 24
\BOOKMARK [2][-]{subsection.6.2.1}{\376\377\0006\000.\0002\000.\0001\000\040\000D\000e\000s\000c\000r\000i\000p\000t\000i\000o\000n\000\040\000d\000\351\000t\000a\000i\000l\000l\000\351\000e}{section.6.2}% 25
\BOOKMARK [2][-]{subsection.6.2.2}{\376\377\0006\000.\0002\000.\0002\000\040\000D\000o\000c\000u\000m\000e\000n\000t\000a\000t\000i\000o\000n\000\040\000d\000e\000s\000\040\000c\000o\000n\000s\000t\000r\000u\000c\000t\000e\000u\000r\000s\000\040\000e\000t\000\040\000d\000e\000s\000t\000r\000u\000c\000t\000e\000u\000r}{section.6.2}% 26
\BOOKMARK [3][-]{subsubsection.6.2.2.1}{\376\377\0006\000.\0002\000.\0002\000.\0001\000\040\000\137\000\137\000c\000o\000n\000s\000t\000r\000u\000c\000t\000\050\000\051}{subsection.6.2.2}% 27
\BOOKMARK [2][-]{subsection.6.2.3}{\376\377\0006\000.\0002\000.\0003\000\040\000D\000o\000c\000u\000m\000e\000n\000t\000a\000t\000i\000o\000n\000\040\000d\000e\000s\000\040\000f\000o\000n\000c\000t\000i\000o\000n\000s\000\040\000m\000e\000m\000b\000r\000e\000s}{section.6.2}% 28
\BOOKMARK [3][-]{subsubsection.6.2.3.1}{\376\377\0006\000.\0002\000.\0003\000.\0001\000\040\000a\000u\000t\000h\000e\000n\000t\000i\000c\000a\000t\000e\000\050\000\051}{subsection.6.2.3}% 29
\BOOKMARK [3][-]{subsubsection.6.2.3.2}{\376\377\0006\000.\0002\000.\0003\000.\0002\000\040\000g\000e\000t\000L\000o\000g\000i\000n\000U\000r\000l\000\050\000\051}{subsection.6.2.3}% 30
\BOOKMARK [3][-]{subsubsection.6.2.3.3}{\376\377\0006\000.\0002\000.\0003\000.\0003\000\040\000o\000n\000A\000u\000t\000h\000e\000n\000t\000i\000c\000a\000t\000i\000o\000n\000S\000u\000c\000c\000e\000s\000s\000\050\000\051}{subsection.6.2.3}% 31
\BOOKMARK [2][-]{subsection.6.2.4}{\376\377\0006\000.\0002\000.\0004\000\040\000D\000o\000c\000u\000m\000e\000n\000t\000a\000t\000i\000o\000n\000\040\000d\000e\000s\000\040\000d\000o\000n\000n\000\351\000e\000s\000\040\000m\000e\000m\000b\000r\000e\000s}{section.6.2}% 32
\BOOKMARK [3][-]{subsubsection.6.2.4.1}{\376\377\0006\000.\0002\000.\0004\000.\0001\000\040\000L\000O\000G\000I\000N\000\137\000R\000O\000U\000T\000E}{subsection.6.2.4}% 33
\BOOKMARK [1][-]{section.6.3}{\376\377\0006\000.\0003\000\040\000R\000\351\000f\000\351\000r\000e\000n\000c\000e\000\040\000d\000e\000\040\000l\000a\000\040\000c\000l\000a\000s\000s\000e\000\040\000A\000p\000p\000\134\000C\000o\000n\000t\000r\000o\000l\000l\000e\000r\000\134\000C\000a\000r\000t\000C\000o\000n\000t\000r\000o\000l\000l\000e\000r}{chapter.6}% 34
\BOOKMARK [2][-]{subsection.6.3.1}{\376\377\0006\000.\0003\000.\0001\000\040\000D\000e\000s\000c\000r\000i\000p\000t\000i\000o\000n\000\040\000d\000\351\000t\000a\000i\000l\000l\000\351\000e}{section.6.3}% 35
\BOOKMARK [2][-]{subsection.6.3.2}{\376\377\0006\000.\0003\000.\0002\000\040\000D\000o\000c\000u\000m\000e\000n\000t\000a\000t\000i\000o\000n\000\040\000d\000e\000s\000\040\000f\000o\000n\000c\000t\000i\000o\000n\000s\000\040\000m\000e\000m\000b\000r\000e\000s}{section.6.3}% 36
\BOOKMARK [3][-]{subsubsection.6.3.2.1}{\376\377\0006\000.\0003\000.\0002\000.\0001\000\040\000a\000d\000d\000T\000o\000C\000a\000r\000t\000\050\000\051}{subsection.6.3.2}% 37
\BOOKMARK [3][-]{subsubsection.6.3.2.2}{\376\377\0006\000.\0003\000.\0002\000.\0002\000\040\000c\000a\000r\000t\000\050\000\051}{subsection.6.3.2}% 38
\BOOKMARK [3][-]{subsubsection.6.3.2.3}{\376\377\0006\000.\0003\000.\0002\000.\0003\000\040\000r\000e\000m\000o\000v\000e\000F\000r\000o\000m\000C\000a\000r\000t\000\050\000\051}{subsection.6.3.2}% 39
\BOOKMARK [1][-]{section.6.4}{\376\377\0006\000.\0004\000\040\000R\000\351\000f\000\351\000r\000e\000n\000c\000e\000\040\000d\000e\000\040\000l\000a\000\040\000c\000l\000a\000s\000s\000e\000\040\000A\000p\000p\000\134\000F\000o\000r\000m\000\134\000C\000h\000a\000n\000g\000e\000P\000a\000s\000s\000w\000o\000r\000d\000F\000o\000r\000m\000T\000y\000p\000e}{chapter.6}% 40
\BOOKMARK [2][-]{subsection.6.4.1}{\376\377\0006\000.\0004\000.\0001\000\040\000D\000e\000s\000c\000r\000i\000p\000t\000i\000o\000n\000\040\000d\000\351\000t\000a\000i\000l\000l\000\351\000e}{section.6.4}% 41
\BOOKMARK [2][-]{subsection.6.4.2}{\376\377\0006\000.\0004\000.\0002\000\040\000D\000o\000c\000u\000m\000e\000n\000t\000a\000t\000i\000o\000n\000\040\000d\000e\000s\000\040\000f\000o\000n\000c\000t\000i\000o\000n\000s\000\040\000m\000e\000m\000b\000r\000e\000s}{section.6.4}% 42
\BOOKMARK [3][-]{subsubsection.6.4.2.1}{\376\377\0006\000.\0004\000.\0002\000.\0001\000\040\000b\000u\000i\000l\000d\000F\000o\000r\000m\000\050\000\051}{subsection.6.4.2}% 43
\BOOKMARK [3][-]{subsubsection.6.4.2.2}{\376\377\0006\000.\0004\000.\0002\000.\0002\000\040\000c\000o\000n\000f\000i\000g\000u\000r\000e\000O\000p\000t\000i\000o\000n\000s\000\050\000\051}{subsection.6.4.2}% 44
\BOOKMARK [1][-]{section.6.5}{\376\377\0006\000.\0005\000\040\000R\000\351\000f\000\351\000r\000e\000n\000c\000e\000\040\000d\000e\000\040\000l\000a\000\040\000c\000l\000a\000s\000s\000e\000\040\000A\000p\000p\000\134\000S\000e\000c\000u\000r\000i\000t\000y\000\134\000E\000m\000a\000i\000l\000V\000e\000r\000i\000f\000i\000e\000r}{chapter.6}% 45
\BOOKMARK [1][-]{section.6.6}{\376\377\0006\000.\0006\000\040\000R\000\351\000f\000\351\000r\000e\000n\000c\000e\000\040\000d\000e\000\040\000l\000a\000\040\000c\000l\000a\000s\000s\000e\000\040\000A\000p\000p\000\134\000C\000o\000n\000t\000r\000o\000l\000l\000e\000r\000\134\000H\000o\000m\000e\000C\000o\000n\000t\000r\000o\000l\000l\000e\000r}{chapter.6}% 46
\BOOKMARK [2][-]{subsection.6.6.1}{\376\377\0006\000.\0006\000.\0001\000\040\000D\000e\000s\000c\000r\000i\000p\000t\000i\000o\000n\000\040\000d\000\351\000t\000a\000i\000l\000l\000\351\000e}{section.6.6}% 47
\BOOKMARK [2][-]{subsection.6.6.2}{\376\377\0006\000.\0006\000.\0002\000\040\000D\000o\000c\000u\000m\000e\000n\000t\000a\000t\000i\000o\000n\000\040\000d\000e\000s\000\040\000f\000o\000n\000c\000t\000i\000o\000n\000s\000\040\000m\000e\000m\000b\000r\000e\000s}{section.6.6}% 48
\BOOKMARK [3][-]{subsubsection.6.6.2.1}{\376\377\0006\000.\0006\000.\0002\000.\0001\000\040\000i\000n\000d\000e\000x\000\050\000\051}{subsection.6.6.2}% 49
\BOOKMARK [1][-]{section.6.7}{\376\377\0006\000.\0007\000\040\000R\000\351\000f\000\351\000r\000e\000n\000c\000e\000\040\000d\000e\000\040\000l\000a\000\040\000c\000l\000a\000s\000s\000e\000\040\000A\000p\000p\000\134\000K\000e\000r\000n\000e\000l}{chapter.6}% 50
\BOOKMARK [1][-]{section.6.8}{\376\377\0006\000.\0008\000\040\000R\000\351\000f\000\351\000r\000e\000n\000c\000e\000\040\000d\000e\000\040\000l\000a\000\040\000c\000l\000a\000s\000s\000e\000\040\000A\000p\000p\000\134\000C\000o\000n\000t\000r\000o\000l\000l\000e\000r\000\134\000L\000o\000g\000i\000n\000C\000o\000n\000t\000r\000o\000l\000l\000e\000r}{chapter.6}% 51
\BOOKMARK [2][-]{subsection.6.8.1}{\376\377\0006\000.\0008\000.\0001\000\040\000D\000o\000c\000u\000m\000e\000n\000t\000a\000t\000i\000o\000n\000\040\000d\000e\000s\000\040\000f\000o\000n\000c\000t\000i\000o\000n\000s\000\040\000m\000e\000m\000b\000r\000e\000s}{section.6.8}% 52
\BOOKMARK [3][-]{subsubsection.6.8.1.1}{\376\377\0006\000.\0008\000.\0001\000.\0001\000\040\000l\000o\000g\000i\000n\000\050\000\051}{subsection.6.8.1}% 53
\BOOKMARK [1][-]{section.6.9}{\376\377\0006\000.\0009\000\040\000R\000\351\000f\000\351\000r\000e\000n\000c\000e\000\040\000d\000e\000\040\000l\000a\000\040\000c\000l\000a\000s\000s\000e\000\040\000A\000p\000p\000\134\000C\000o\000n\000t\000r\000o\000l\000l\000e\000r\000\134\000P\000a\000y\000m\000e\000n\000t\000C\000o\000n\000t\000r\000o\000l\000l\000e\000r}{chapter.6}% 54
\BOOKMARK [2][-]{subsection.6.9.1}{\376\377\0006\000.\0009\000.\0001\000\040\000D\000e\000s\000c\000r\000i\000p\000t\000i\000o\000n\000\040\000d\000\351\000t\000a\000i\000l\000l\000\351\000e}{section.6.9}% 55
\BOOKMARK [2][-]{subsection.6.9.2}{\376\377\0006\000.\0009\000.\0002\000\040\000D\000o\000c\000u\000m\000e\000n\000t\000a\000t\000i\000o\000n\000\040\000d\000e\000s\000\040\000c\000o\000n\000s\000t\000r\000u\000c\000t\000e\000u\000r\000s\000\040\000e\000t\000\040\000d\000e\000s\000t\000r\000u\000c\000t\000e\000u\000r}{section.6.9}% 56
\BOOKMARK [3][-]{subsubsection.6.9.2.1}{\376\377\0006\000.\0009\000.\0002\000.\0001\000\040\000\137\000\137\000c\000o\000n\000s\000t\000r\000u\000c\000t\000\050\000\051}{subsection.6.9.2}% 57
\BOOKMARK [2][-]{subsection.6.9.3}{\376\377\0006\000.\0009\000.\0003\000\040\000D\000o\000c\000u\000m\000e\000n\000t\000a\000t\000i\000o\000n\000\040\000d\000e\000s\000\040\000f\000o\000n\000c\000t\000i\000o\000n\000s\000\040\000m\000e\000m\000b\000r\000e\000s}{section.6.9}% 58
\BOOKMARK [3][-]{subsubsection.6.9.3.1}{\376\377\0006\000.\0009\000.\0003\000.\0001\000\040\000c\000a\000n\000c\000e\000l\000\050\000\051}{subsection.6.9.3}% 59
\BOOKMARK [3][-]{subsubsection.6.9.3.2}{\376\377\0006\000.\0009\000.\0003\000.\0002\000\040\000c\000h\000e\000c\000k\000o\000u\000t\000\050\000\051}{subsection.6.9.3}% 60
\BOOKMARK [3][-]{subsubsection.6.9.3.3}{\376\377\0006\000.\0009\000.\0003\000.\0003\000\040\000s\000u\000c\000c\000e\000s\000s\000\050\000\051}{subsection.6.9.3}% 61
\BOOKMARK [2][-]{subsection.6.9.4}{\376\377\0006\000.\0009\000.\0004\000\040\000D\000o\000c\000u\000m\000e\000n\000t\000a\000t\000i\000o\000n\000\040\000d\000e\000s\000\040\000d\000o\000n\000n\000\351\000e\000s\000\040\000m\000e\000m\000b\000r\000e\000s}{section.6.9}% 62
\BOOKMARK [3][-]{subsubsection.6.9.4.1}{\376\377\0006\000.\0009\000.\0004\000.\0001\000\040\000\044\000s\000e\000s\000s\000i\000o\000n}{subsection.6.9.4}% 63
\BOOKMARK [1][-]{section.6.10}{\376\377\0006\000.\0001\0000\000\040\000R\000\351\000f\000\351\000r\000e\000n\000c\000e\000\040\000d\000e\000\040\000l\000a\000\040\000c\000l\000a\000s\000s\000e\000\040\000A\000p\000p\000\134\000C\000o\000n\000t\000r\000o\000l\000l\000e\000r\000\134\000P\000r\000o\000d\000u\000c\000t\000C\000o\000n\000t\000r\000o\000l\000l\000e\000r}{chapter.6}% 64
\BOOKMARK [2][-]{subsection.6.10.1}{\376\377\0006\000.\0001\0000\000.\0001\000\040\000D\000e\000s\000c\000r\000i\000p\000t\000i\000o\000n\000\040\000d\000\351\000t\000a\000i\000l\000l\000\351\000e}{section.6.10}% 65
\BOOKMARK [2][-]{subsection.6.10.2}{\376\377\0006\000.\0001\0000\000.\0002\000\040\000D\000o\000c\000u\000m\000e\000n\000t\000a\000t\000i\000o\000n\000\040\000d\000e\000s\000\040\000f\000o\000n\000c\000t\000i\000o\000n\000s\000\040\000m\000e\000m\000b\000r\000e\000s}{section.6.10}% 66
\BOOKMARK [3][-]{subsubsection.6.10.2.1}{\376\377\0006\000.\0001\0000\000.\0002\000.\0001\000\040\000s\000h\000o\000w\000\050\000\051}{subsection.6.10.2}% 67
\BOOKMARK [1][-]{section.6.11}{\376\377\0006\000.\0001\0001\000\040\000R\000\351\000f\000\351\000r\000e\000n\000c\000e\000\040\000d\000e\000\040\000l\000a\000\040\000c\000l\000a\000s\000s\000e\000\040\000A\000p\000p\000\134\000C\000o\000n\000t\000r\000o\000l\000l\000e\000r\000\134\000R\000e\000g\000i\000s\000t\000r\000a\000t\000i\000o\000n\000C\000o\000n\000t\000r\000o\000l\000l\000e\000r}{chapter.6}% 68
\BOOKMARK [2][-]{subsection.6.11.1}{\376\377\0006\000.\0001\0001\000.\0001\000\040\000D\000e\000s\000c\000r\000i\000p\000t\000i\000o\000n\000\040\000d\000\351\000t\000a\000i\000l\000l\000\351\000e}{section.6.11}% 69
\BOOKMARK [2][-]{subsection.6.11.2}{\376\377\0006\000.\0001\0001\000.\0002\000\040\000D\000o\000c\000u\000m\000e\000n\000t\000a\000t\000i\000o\000n\000\040\000d\000e\000s\000\040\000c\000o\000n\000s\000t\000r\000u\000c\000t\000e\000u\000r\000s\000\040\000e\000t\000\040\000d\000e\000s\000t\000r\000u\000c\000t\000e\000u\000r}{section.6.11}% 70
\BOOKMARK [3][-]{subsubsection.6.11.2.1}{\376\377\0006\000.\0001\0001\000.\0002\000.\0001\000\040\000\137\000\137\000c\000o\000n\000s\000t\000r\000u\000c\000t\000\050\000\051}{subsection.6.11.2}% 71
\BOOKMARK [2][-]{subsection.6.11.3}{\376\377\0006\000.\0001\0001\000.\0003\000\040\000D\000o\000c\000u\000m\000e\000n\000t\000a\000t\000i\000o\000n\000\040\000d\000e\000s\000\040\000f\000o\000n\000c\000t\000i\000o\000n\000s\000\040\000m\000e\000m\000b\000r\000e\000s}{section.6.11}% 72
\BOOKMARK [3][-]{subsubsection.6.11.3.1}{\376\377\0006\000.\0001\0001\000.\0003\000.\0001\000\040\000r\000e\000g\000i\000s\000t\000e\000r\000\050\000\051}{subsection.6.11.3}% 73
\BOOKMARK [3][-]{subsubsection.6.11.3.2}{\376\377\0006\000.\0001\0001\000.\0003\000.\0002\000\040\000v\000e\000r\000i\000f\000y\000U\000s\000e\000r\000E\000m\000a\000i\000l\000\050\000\051}{subsection.6.11.3}% 74
\BOOKMARK [2][-]{subsection.6.11.4}{\376\377\0006\000.\0001\0001\000.\0004\000\040\000D\000o\000c\000u\000m\000e\000n\000t\000a\000t\000i\000o\000n\000\040\000d\000e\000s\000\040\000d\000o\000n\000n\000\351\000e\000s\000\040\000m\000e\000m\000b\000r\000e\000s}{section.6.11}% 75
\BOOKMARK [3][-]{subsubsection.6.11.4.1}{\376\377\0006\000.\0001\0001\000.\0004\000.\0001\000\040\000\044\000a\000u\000t\000h\000e\000n\000t\000i\000c\000a\000t\000o\000r}{subsection.6.11.4}% 76
\BOOKMARK [3][-]{subsubsection.6.11.4.2}{\376\377\0006\000.\0001\0001\000.\0004\000.\0002\000\040\000\044\000u\000s\000e\000r\000A\000u\000t\000h\000e\000n\000t\000i\000c\000a\000t\000o\000r}{subsection.6.11.4}% 77
\BOOKMARK [1][-]{section.6.12}{\376\377\0006\000.\0001\0002\000\040\000R\000\351\000f\000\351\000r\000e\000n\000c\000e\000\040\000d\000e\000\040\000l\000a\000\040\000c\000l\000a\000s\000s\000e\000\040\000A\000p\000p\000\134\000F\000o\000r\000m\000\134\000R\000e\000g\000i\000s\000t\000r\000a\000t\000i\000o\000n\000F\000o\000r\000m\000T\000y\000p\000e}{chapter.6}% 78
\BOOKMARK [2][-]{subsection.6.12.1}{\376\377\0006\000.\0001\0002\000.\0001\000\040\000D\000e\000s\000c\000r\000i\000p\000t\000i\000o\000n\000\040\000d\000\351\000t\000a\000i\000l\000l\000\351\000e}{section.6.12}% 79
\BOOKMARK [2][-]{subsection.6.12.2}{\376\377\0006\000.\0001\0002\000.\0002\000\040\000D\000o\000c\000u\000m\000e\000n\000t\000a\000t\000i\000o\000n\000\040\000d\000e\000s\000\040\000f\000o\000n\000c\000t\000i\000o\000n\000s\000\040\000m\000e\000m\000b\000r\000e\000s}{section.6.12}% 80
\BOOKMARK [3][-]{subsubsection.6.12.2.1}{\376\377\0006\000.\0001\0002\000.\0002\000.\0001\000\040\000b\000u\000i\000l\000d\000F\000o\000r\000m\000\050\000\051}{subsection.6.12.2}% 81
\BOOKMARK [3][-]{subsubsection.6.12.2.2}{\376\377\0006\000.\0001\0002\000.\0002\000.\0002\000\040\000c\000o\000n\000f\000i\000g\000u\000r\000e\000O\000p\000t\000i\000o\000n\000s\000\050\000\051}{subsection.6.12.2}% 82
\BOOKMARK [1][-]{section.6.13}{\376\377\0006\000.\0001\0003\000\040\000R\000\351\000f\000\351\000r\000e\000n\000c\000e\000\040\000d\000e\000\040\000l\000a\000\040\000c\000l\000a\000s\000s\000e\000\040\000A\000p\000p\000\134\000C\000o\000n\000t\000r\000o\000l\000l\000e\000r\000\134\000R\000e\000s\000e\000t\000P\000a\000s\000s\000w\000o\000r\000d\000C\000o\000n\000t\000r\000o\000l\000l\000e\000r}{chapter.6}% 83
\BOOKMARK [2][-]{subsection.6.13.1}{\376\377\0006\000.\0001\0003\000.\0001\000\040\000D\000e\000s\000c\000r\000i\000p\000t\000i\000o\000n\000\040\000d\000\351\000t\000a\000i\000l\000l\000\351\000e}{section.6.13}% 84
\BOOKMARK [2][-]{subsection.6.13.2}{\376\377\0006\000.\0001\0003\000.\0002\000\040\000D\000o\000c\000u\000m\000e\000n\000t\000a\000t\000i\000o\000n\000\040\000d\000e\000s\000\040\000c\000o\000n\000s\000t\000r\000u\000c\000t\000e\000u\000r\000s\000\040\000e\000t\000\040\000d\000e\000s\000t\000r\000u\000c\000t\000e\000u\000r}{section.6.13}% 85
\BOOKMARK [3][-]{subsubsection.6.13.2.1}{\376\377\0006\000.\0001\0003\000.\0002\000.\0001\000\040\000\137\000\137\000c\000o\000n\000s\000t\000r\000u\000c\000t\000\050\000\051}{subsection.6.13.2}% 86
\BOOKMARK [2][-]{subsection.6.13.3}{\376\377\0006\000.\0001\0003\000.\0003\000\040\000D\000o\000c\000u\000m\000e\000n\000t\000a\000t\000i\000o\000n\000\040\000d\000e\000s\000\040\000f\000o\000n\000c\000t\000i\000o\000n\000s\000\040\000m\000e\000m\000b\000r\000e\000s}{section.6.13}% 87
\BOOKMARK [3][-]{subsubsection.6.13.3.1}{\376\377\0006\000.\0001\0003\000.\0003\000.\0001\000\040\000c\000h\000e\000c\000k\000E\000m\000a\000i\000l\000\050\000\051}{subsection.6.13.3}% 88
\BOOKMARK [3][-]{subsubsection.6.13.3.2}{\376\377\0006\000.\0001\0003\000.\0003\000.\0002\000\040\000p\000r\000o\000c\000e\000s\000s\000S\000e\000n\000d\000i\000n\000g\000P\000a\000s\000s\000w\000o\000r\000d\000R\000e\000s\000e\000t\000E\000m\000a\000i\000l\000\050\000\051}{subsection.6.13.3}% 89
\BOOKMARK [1][-]{section.6.14}{\376\377\0006\000.\0001\0004\000\040\000R\000\351\000f\000\351\000r\000e\000n\000c\000e\000\040\000d\000e\000\040\000l\000a\000\040\000c\000l\000a\000s\000s\000e\000\040\000A\000p\000p\000\134\000E\000n\000t\000i\000t\000y\000\134\000R\000e\000s\000e\000t\000P\000a\000s\000s\000w\000o\000r\000d\000R\000e\000q\000u\000e\000s\000t}{chapter.6}% 90
\BOOKMARK [2][-]{subsection.6.14.1}{\376\377\0006\000.\0001\0004\000.\0001\000\040\000D\000e\000s\000c\000r\000i\000p\000t\000i\000o\000n\000\040\000d\000\351\000t\000a\000i\000l\000l\000\351\000e}{section.6.14}% 91
\BOOKMARK [2][-]{subsection.6.14.2}{\376\377\0006\000.\0001\0004\000.\0002\000\040\000D\000o\000c\000u\000m\000e\000n\000t\000a\000t\000i\000o\000n\000\040\000d\000e\000s\000\040\000c\000o\000n\000s\000t\000r\000u\000c\000t\000e\000u\000r\000s\000\040\000e\000t\000\040\000d\000e\000s\000t\000r\000u\000c\000t\000e\000u\000r}{section.6.14}% 92
\BOOKMARK [3][-]{subsubsection.6.14.2.1}{\376\377\0006\000.\0001\0004\000.\0002\000.\0001\000\040\000\137\000\137\000c\000o\000n\000s\000t\000r\000u\000c\000t\000\050\000\051}{subsection.6.14.2}% 93
\BOOKMARK [2][-]{subsection.6.14.3}{\376\377\0006\000.\0001\0004\000.\0003\000\040\000D\000o\000c\000u\000m\000e\000n\000t\000a\000t\000i\000o\000n\000\040\000d\000e\000s\000\040\000f\000o\000n\000c\000t\000i\000o\000n\000s\000\040\000m\000e\000m\000b\000r\000e\000s}{section.6.14}% 94
\BOOKMARK [3][-]{subsubsection.6.14.3.1}{\376\377\0006\000.\0001\0004\000.\0003\000.\0001\000\040\000g\000e\000t\000I\000d\000\050\000\051}{subsection.6.14.3}% 95
\BOOKMARK [3][-]{subsubsection.6.14.3.2}{\376\377\0006\000.\0001\0004\000.\0003\000.\0002\000\040\000g\000e\000t\000U\000s\000e\000r\000\050\000\051}{subsection.6.14.3}% 96
\BOOKMARK [2][-]{subsection.6.14.4}{\376\377\0006\000.\0001\0004\000.\0004\000\040\000D\000o\000c\000u\000m\000e\000n\000t\000a\000t\000i\000o\000n\000\040\000d\000e\000s\000\040\000d\000o\000n\000n\000\351\000e\000s\000\040\000m\000e\000m\000b\000r\000e\000s}{section.6.14}% 97
\BOOKMARK [3][-]{subsubsection.6.14.4.1}{\376\377\0006\000.\0001\0004\000.\0004\000.\0001\000\040\000\044\000i\000d}{subsection.6.14.4}% 98
\BOOKMARK [3][-]{subsubsection.6.14.4.2}{\376\377\0006\000.\0001\0004\000.\0004\000.\0002\000\040\000\044\000u\000s\000e\000r}{subsection.6.14.4}% 99
\BOOKMARK [1][-]{section.6.15}{\376\377\0006\000.\0001\0005\000\040\000R\000\351\000f\000\351\000r\000e\000n\000c\000e\000\040\000d\000e\000\040\000l\000a\000\040\000c\000l\000a\000s\000s\000e\000\040\000A\000p\000p\000\134\000F\000o\000r\000m\000\134\000R\000e\000s\000e\000t\000P\000a\000s\000s\000w\000o\000r\000d\000R\000e\000q\000u\000e\000s\000t\000F\000o\000r\000m\000T\000y\000p\000e}{chapter.6}% 100
\BOOKMARK [2][-]{subsection.6.15.1}{\376\377\0006\000.\0001\0005\000.\0001\000\040\000D\000e\000s\000c\000r\000i\000p\000t\000i\000o\000n\000\040\000d\000\351\000t\000a\000i\000l\000l\000\351\000e}{section.6.15}% 101
\BOOKMARK [2][-]{subsection.6.15.2}{\376\377\0006\000.\0001\0005\000.\0002\000\040\000D\000o\000c\000u\000m\000e\000n\000t\000a\000t\000i\000o\000n\000\040\000d\000e\000s\000\040\000f\000o\000n\000c\000t\000i\000o\000n\000s\000\040\000m\000e\000m\000b\000r\000e\000s}{section.6.15}% 102
\BOOKMARK [3][-]{subsubsection.6.15.2.1}{\376\377\0006\000.\0001\0005\000.\0002\000.\0001\000\040\000b\000u\000i\000l\000d\000F\000o\000r\000m\000\050\000\051}{subsection.6.15.2}% 103
\BOOKMARK [3][-]{subsubsection.6.15.2.2}{\376\377\0006\000.\0001\0005\000.\0002\000.\0002\000\040\000c\000o\000n\000f\000i\000g\000u\000r\000e\000O\000p\000t\000i\000o\000n\000s\000\050\000\051}{subsection.6.15.2}% 104
\BOOKMARK [1][-]{section.6.16}{\376\377\0006\000.\0001\0006\000\040\000R\000\351\000f\000\351\000r\000e\000n\000c\000e\000\040\000d\000e\000\040\000l\000a\000\040\000c\000l\000a\000s\000s\000e\000\040\000A\000p\000p\000\134\000R\000e\000p\000o\000s\000i\000t\000o\000r\000y\000\134\000R\000e\000s\000e\000t\000P\000a\000s\000s\000w\000o\000r\000d\000R\000e\000q\000u\000e\000s\000t\000R\000e\000p\000o\000s\000i\000t\000o\000r\000y}{chapter.6}% 105
\BOOKMARK [2][-]{subsection.6.16.1}{\376\377\0006\000.\0001\0006\000.\0001\000\040\000D\000e\000s\000c\000r\000i\000p\000t\000i\000o\000n\000\040\000d\000\351\000t\000a\000i\000l\000l\000\351\000e}{section.6.16}% 106
\BOOKMARK [2][-]{subsection.6.16.2}{\376\377\0006\000.\0001\0006\000.\0002\000\040\000D\000o\000c\000u\000m\000e\000n\000t\000a\000t\000i\000o\000n\000\040\000d\000e\000s\000\040\000c\000o\000n\000s\000t\000r\000u\000c\000t\000e\000u\000r\000s\000\040\000e\000t\000\040\000d\000e\000s\000t\000r\000u\000c\000t\000e\000u\000r}{section.6.16}% 107
\BOOKMARK [3][-]{subsubsection.6.16.2.1}{\376\377\0006\000.\0001\0006\000.\0002\000.\0001\000\040\000\137\000\137\000c\000o\000n\000s\000t\000r\000u\000c\000t\000\050\000\051}{subsection.6.16.2}% 108
\BOOKMARK [2][-]{subsection.6.16.3}{\376\377\0006\000.\0001\0006\000.\0003\000\040\000D\000o\000c\000u\000m\000e\000n\000t\000a\000t\000i\000o\000n\000\040\000d\000e\000s\000\040\000f\000o\000n\000c\000t\000i\000o\000n\000s\000\040\000m\000e\000m\000b\000r\000e\000s}{section.6.16}% 109
\BOOKMARK [3][-]{subsubsection.6.16.3.1}{\376\377\0006\000.\0001\0006\000.\0003\000.\0001\000\040\000c\000r\000e\000a\000t\000e\000R\000e\000s\000e\000t\000P\000a\000s\000s\000w\000o\000r\000d\000R\000e\000q\000u\000e\000s\000t\000\050\000\051}{subsection.6.16.3}% 110
\BOOKMARK [1][-]{section.6.17}{\376\377\0006\000.\0001\0007\000\040\000R\000\351\000f\000\351\000r\000e\000n\000c\000e\000\040\000d\000e\000\040\000l\000a\000\040\000c\000l\000a\000s\000s\000e\000\040\000A\000p\000p\000\134\000C\000o\000n\000t\000r\000o\000l\000l\000e\000r\000\134\000S\000e\000c\000u\000r\000i\000t\000y\000C\000o\000n\000t\000r\000o\000l\000l\000e\000r}{chapter.6}% 111
\BOOKMARK [2][-]{subsection.6.17.1}{\376\377\0006\000.\0001\0007\000.\0001\000\040\000D\000e\000s\000c\000r\000i\000p\000t\000i\000o\000n\000\040\000d\000\351\000t\000a\000i\000l\000l\000\351\000e}{section.6.17}% 112
\BOOKMARK [2][-]{subsection.6.17.2}{\376\377\0006\000.\0001\0007\000.\0002\000\040\000D\000o\000c\000u\000m\000e\000n\000t\000a\000t\000i\000o\000n\000\040\000d\000e\000s\000\040\000f\000o\000n\000c\000t\000i\000o\000n\000s\000\040\000m\000e\000m\000b\000r\000e\000s}{section.6.17}% 113
\BOOKMARK [3][-]{subsubsection.6.17.2.1}{\376\377\0006\000.\0001\0007\000.\0002\000.\0001\000\040\000l\000o\000g\000i\000n\000\050\000\051}{subsection.6.17.2}% 114
\BOOKMARK [3][-]{subsubsection.6.17.2.2}{\376\377\0006\000.\0001\0007\000.\0002\000.\0002\000\040\000l\000o\000g\000o\000u\000t\000\050\000\051}{subsection.6.17.2}% 115
\BOOKMARK [1][-]{section.6.18}{\376\377\0006\000.\0001\0008\000\040\000R\000\351\000f\000\351\000r\000e\000n\000c\000e\000\040\000d\000e\000\040\000l\000a\000\040\000c\000l\000a\000s\000s\000e\000\040\000A\000p\000p\000\134\000C\000o\000n\000t\000r\000o\000l\000l\000e\000r\000\134\000S\000h\000o\000p\000C\000o\000n\000t\000r\000o\000l\000l\000e\000r}{chapter.6}% 116
\BOOKMARK [2][-]{subsection.6.18.1}{\376\377\0006\000.\0001\0008\000.\0001\000\040\000D\000e\000s\000c\000r\000i\000p\000t\000i\000o\000n\000\040\000d\000\351\000t\000a\000i\000l\000l\000\351\000e}{section.6.18}% 117
\BOOKMARK [2][-]{subsection.6.18.2}{\376\377\0006\000.\0001\0008\000.\0002\000\040\000D\000o\000c\000u\000m\000e\000n\000t\000a\000t\000i\000o\000n\000\040\000d\000e\000s\000\040\000f\000o\000n\000c\000t\000i\000o\000n\000s\000\040\000m\000e\000m\000b\000r\000e\000s}{section.6.18}% 118
\BOOKMARK [3][-]{subsubsection.6.18.2.1}{\376\377\0006\000.\0001\0008\000.\0002\000.\0001\000\040\000i\000n\000d\000e\000x\000\050\000\051}{subsection.6.18.2}% 119
\BOOKMARK [1][-]{section.6.19}{\376\377\0006\000.\0001\0009\000\040\000R\000\351\000f\000\351\000r\000e\000n\000c\000e\000\040\000d\000e\000\040\000l\000a\000\040\000c\000l\000a\000s\000s\000e\000\040\000A\000p\000p\000\134\000S\000e\000r\000v\000i\000c\000e\000\134\000S\000t\000r\000i\000p\000e\000S\000e\000r\000v\000i\000c\000e}{chapter.6}% 120
\BOOKMARK [2][-]{subsection.6.19.1}{\376\377\0006\000.\0001\0009\000.\0001\000\040\000D\000e\000s\000c\000r\000i\000p\000t\000i\000o\000n\000\040\000d\000\351\000t\000a\000i\000l\000l\000\351\000e}{section.6.19}% 121
\BOOKMARK [2][-]{subsection.6.19.2}{\376\377\0006\000.\0001\0009\000.\0002\000\040\000D\000o\000c\000u\000m\000e\000n\000t\000a\000t\000i\000o\000n\000\040\000d\000e\000s\000\040\000c\000o\000n\000s\000t\000r\000u\000c\000t\000e\000u\000r\000s\000\040\000e\000t\000\040\000d\000e\000s\000t\000r\000u\000c\000t\000e\000u\000r}{section.6.19}% 122
\BOOKMARK [3][-]{subsubsection.6.19.2.1}{\376\377\0006\000.\0001\0009\000.\0002\000.\0001\000\040\000\137\000\137\000c\000o\000n\000s\000t\000r\000u\000c\000t\000\050\000\051}{subsection.6.19.2}% 123
\BOOKMARK [2][-]{subsection.6.19.3}{\376\377\0006\000.\0001\0009\000.\0003\000\040\000D\000o\000c\000u\000m\000e\000n\000t\000a\000t\000i\000o\000n\000\040\000d\000e\000s\000\040\000f\000o\000n\000c\000t\000i\000o\000n\000s\000\040\000m\000e\000m\000b\000r\000e\000s}{section.6.19}% 124
\BOOKMARK [3][-]{subsubsection.6.19.3.1}{\376\377\0006\000.\0001\0009\000.\0003\000.\0001\000\040\000c\000r\000e\000a\000t\000e\000C\000h\000e\000c\000k\000o\000u\000t\000S\000e\000s\000s\000i\000o\000n\000\050\000\051}{subsection.6.19.3}% 125
\BOOKMARK [1][-]{section.6.20}{\376\377\0006\000.\0002\0000\000\040\000R\000\351\000f\000\351\000r\000e\000n\000c\000e\000\040\000d\000e\000\040\000l\000a\000\040\000c\000l\000a\000s\000s\000e\000\040\000A\000p\000p\000\134\000E\000n\000t\000i\000t\000y\000\134\000S\000w\000e\000a\000t\000s\000h\000i\000r\000t}{chapter.6}% 126
\BOOKMARK [2][-]{subsection.6.20.1}{\376\377\0006\000.\0002\0000\000.\0001\000\040\000D\000e\000s\000c\000r\000i\000p\000t\000i\000o\000n\000\040\000d\000\351\000t\000a\000i\000l\000l\000\351\000e}{section.6.20}% 127
\BOOKMARK [2][-]{subsection.6.20.2}{\376\377\0006\000.\0002\0000\000.\0002\000\040\000D\000o\000c\000u\000m\000e\000n\000t\000a\000t\000i\000o\000n\000\040\000d\000e\000s\000\040\000f\000o\000n\000c\000t\000i\000o\000n\000s\000\040\000m\000e\000m\000b\000r\000e\000s}{section.6.20}% 128
\BOOKMARK [3][-]{subsubsection.6.20.2.1}{\376\377\0006\000.\0002\0000\000.\0002\000.\0001\000\040\000g\000e\000t\000I\000d\000\050\000\051}{subsection.6.20.2}% 129
\BOOKMARK [3][-]{subsubsection.6.20.2.2}{\376\377\0006\000.\0002\0000\000.\0002\000.\0002\000\040\000g\000e\000t\000I\000m\000a\000g\000e\000\050\000\051}{subsection.6.20.2}% 130
\BOOKMARK [3][-]{subsubsection.6.20.2.3}{\376\377\0006\000.\0002\0000\000.\0002\000.\0003\000\040\000g\000e\000t\000N\000a\000m\000e\000\050\000\051}{subsection.6.20.2}% 131
\BOOKMARK [3][-]{subsubsection.6.20.2.4}{\376\377\0006\000.\0002\0000\000.\0002\000.\0004\000\040\000g\000e\000t\000P\000r\000i\000c\000e\000\050\000\051}{subsection.6.20.2}% 132
\BOOKMARK [3][-]{subsubsection.6.20.2.5}{\376\377\0006\000.\0002\0000\000.\0002\000.\0005\000\040\000g\000e\000t\000S\000t\000o\000c\000k\000L\000\050\000\051}{subsection.6.20.2}% 133
\BOOKMARK [3][-]{subsubsection.6.20.2.6}{\376\377\0006\000.\0002\0000\000.\0002\000.\0006\000\040\000g\000e\000t\000S\000t\000o\000c\000k\000M\000\050\000\051}{subsection.6.20.2}% 134
\BOOKMARK [3][-]{subsubsection.6.20.2.7}{\376\377\0006\000.\0002\0000\000.\0002\000.\0007\000\040\000g\000e\000t\000S\000t\000o\000c\000k\000S\000\050\000\051}{subsection.6.20.2}% 135
\BOOKMARK [3][-]{subsubsection.6.20.2.8}{\376\377\0006\000.\0002\0000\000.\0002\000.\0008\000\040\000g\000e\000t\000S\000t\000o\000c\000k\000X\000L\000\050\000\051}{subsection.6.20.2}% 136
\BOOKMARK [3][-]{subsubsection.6.20.2.9}{\376\377\0006\000.\0002\0000\000.\0002\000.\0009\000\040\000g\000e\000t\000S\000t\000o\000c\000k\000X\000S\000\050\000\051}{subsection.6.20.2}% 137
\BOOKMARK [3][-]{subsubsection.6.20.2.10}{\376\377\0006\000.\0002\0000\000.\0002\000.\0001\0000\000\040\000i\000s\000F\000e\000a\000t\000u\000r\000e\000d\000\050\000\051}{subsection.6.20.2}% 138
\BOOKMARK [3][-]{subsubsection.6.20.2.11}{\376\377\0006\000.\0002\0000\000.\0002\000.\0001\0001\000\040\000s\000e\000t\000F\000e\000a\000t\000u\000r\000e\000d\000\050\000\051}{subsection.6.20.2}% 139
\BOOKMARK [3][-]{subsubsection.6.20.2.12}{\376\377\0006\000.\0002\0000\000.\0002\000.\0001\0002\000\040\000s\000e\000t\000I\000m\000a\000g\000e\000\050\000\051}{subsection.6.20.2}% 140
\BOOKMARK [3][-]{subsubsection.6.20.2.13}{\376\377\0006\000.\0002\0000\000.\0002\000.\0001\0003\000\040\000s\000e\000t\000N\000a\000m\000e\000\050\000\051}{subsection.6.20.2}% 141
\BOOKMARK [3][-]{subsubsection.6.20.2.14}{\376\377\0006\000.\0002\0000\000.\0002\000.\0001\0004\000\040\000s\000e\000t\000P\000r\000i\000c\000e\000\050\000\051}{subsection.6.20.2}% 142
\BOOKMARK [3][-]{subsubsection.6.20.2.15}{\376\377\0006\000.\0002\0000\000.\0002\000.\0001\0005\000\040\000s\000e\000t\000S\000t\000o\000c\000k\000L\000\050\000\051}{subsection.6.20.2}% 143
\BOOKMARK [3][-]{subsubsection.6.20.2.16}{\376\377\0006\000.\0002\0000\000.\0002\000.\0001\0006\000\040\000s\000e\000t\000S\000t\000o\000c\000k\000M\000\050\000\051}{subsection.6.20.2}% 144
\BOOKMARK [3][-]{subsubsection.6.20.2.17}{\376\377\0006\000.\0002\0000\000.\0002\000.\0001\0007\000\040\000s\000e\000t\000S\000t\000o\000c\000k\000S\000\050\000\051}{subsection.6.20.2}% 145
\BOOKMARK [3][-]{subsubsection.6.20.2.18}{\376\377\0006\000.\0002\0000\000.\0002\000.\0001\0008\000\040\000s\000e\000t\000S\000t\000o\000c\000k\000X\000L\000\050\000\051}{subsection.6.20.2}% 146
\BOOKMARK [3][-]{subsubsection.6.20.2.19}{\376\377\0006\000.\0002\0000\000.\0002\000.\0001\0009\000\040\000s\000e\000t\000S\000t\000o\000c\000k\000X\000S\000\050\000\051}{subsection.6.20.2}% 147
\BOOKMARK [2][-]{subsection.6.20.3}{\376\377\0006\000.\0002\0000\000.\0003\000\040\000D\000o\000c\000u\000m\000e\000n\000t\000a\000t\000i\000o\000n\000\040\000d\000e\000s\000\040\000d\000o\000n\000n\000\351\000e\000s\000\040\000m\000e\000m\000b\000r\000e\000s}{section.6.20}% 148
\BOOKMARK [3][-]{subsubsection.6.20.3.1}{\376\377\0006\000.\0002\0000\000.\0003\000.\0001\000\040\000\044\000f\000e\000a\000t\000u\000r\000e\000d}{subsection.6.20.3}% 149
\BOOKMARK [3][-]{subsubsection.6.20.3.2}{\376\377\0006\000.\0002\0000\000.\0003\000.\0002\000\040\000\044\000i\000d}{subsection.6.20.3}% 150
\BOOKMARK [3][-]{subsubsection.6.20.3.3}{\376\377\0006\000.\0002\0000\000.\0003\000.\0003\000\040\000\044\000i\000m\000a\000g\000e}{subsection.6.20.3}% 151
\BOOKMARK [3][-]{subsubsection.6.20.3.4}{\376\377\0006\000.\0002\0000\000.\0003\000.\0004\000\040\000\044\000n\000a\000m\000e}{subsection.6.20.3}% 152
\BOOKMARK [3][-]{subsubsection.6.20.3.5}{\376\377\0006\000.\0002\0000\000.\0003\000.\0005\000\040\000\044\000p\000r\000i\000c\000e}{subsection.6.20.3}% 153
\BOOKMARK [3][-]{subsubsection.6.20.3.6}{\376\377\0006\000.\0002\0000\000.\0003\000.\0006\000\040\000\044\000s\000t\000o\000c\000k\000L}{subsection.6.20.3}% 154
\BOOKMARK [3][-]{subsubsection.6.20.3.7}{\376\377\0006\000.\0002\0000\000.\0003\000.\0007\000\040\000\044\000s\000t\000o\000c\000k\000M}{subsection.6.20.3}% 155
\BOOKMARK [3][-]{subsubsection.6.20.3.8}{\376\377\0006\000.\0002\0000\000.\0003\000.\0008\000\040\000\044\000s\000t\000o\000c\000k\000S}{subsection.6.20.3}% 156
\BOOKMARK [3][-]{subsubsection.6.20.3.9}{\376\377\0006\000.\0002\0000\000.\0003\000.\0009\000\040\000\044\000s\000t\000o\000c\000k\000X\000L}{subsection.6.20.3}% 157
\BOOKMARK [3][-]{subsubsection.6.20.3.10}{\376\377\0006\000.\0002\0000\000.\0003\000.\0001\0000\000\040\000\044\000s\000t\000o\000c\000k\000X\000S}{subsection.6.20.3}% 158
\BOOKMARK [1][-]{section.6.21}{\376\377\0006\000.\0002\0001\000\040\000R\000\351\000f\000\351\000r\000e\000n\000c\000e\000\040\000d\000e\000\040\000l\000a\000\040\000c\000l\000a\000s\000s\000e\000\040\000A\000p\000p\000\134\000R\000e\000p\000o\000s\000i\000t\000o\000r\000y\000\134\000S\000w\000e\000a\000t\000s\000h\000i\000r\000t\000R\000e\000p\000o\000s\000i\000t\000o\000r\000y}{chapter.6}% 159
\BOOKMARK [2][-]{subsection.6.21.1}{\376\377\0006\000.\0002\0001\000.\0001\000\040\000D\000e\000s\000c\000r\000i\000p\000t\000i\000o\000n\000\040\000d\000\351\000t\000a\000i\000l\000l\000\351\000e}{section.6.21}% 160
\BOOKMARK [2][-]{subsection.6.21.2}{\376\377\0006\000.\0002\0001\000.\0002\000\040\000D\000o\000c\000u\000m\000e\000n\000t\000a\000t\000i\000o\000n\000\040\000d\000e\000s\000\040\000c\000o\000n\000s\000t\000r\000u\000c\000t\000e\000u\000r\000s\000\040\000e\000t\000\040\000d\000e\000s\000t\000r\000u\000c\000t\000e\000u\000r}{section.6.21}% 161
\BOOKMARK [3][-]{subsubsection.6.21.2.1}{\376\377\0006\000.\0002\0001\000.\0002\000.\0001\000\040\000\137\000\137\000c\000o\000n\000s\000t\000r\000u\000c\000t\000\050\000\051}{subsection.6.21.2}% 162
\BOOKMARK [1][-]{section.6.22}{\376\377\0006\000.\0002\0002\000\040\000R\000\351\000f\000\351\000r\000e\000n\000c\000e\000\040\000d\000e\000\040\000l\000a\000\040\000c\000l\000a\000s\000s\000e\000\040\000A\000p\000p\000\134\000F\000o\000r\000m\000\134\000S\000w\000e\000a\000t\000s\000h\000i\000r\000t\000T\000y\000p\000e}{chapter.6}% 163
\BOOKMARK [2][-]{subsection.6.22.1}{\376\377\0006\000.\0002\0002\000.\0001\000\040\000D\000e\000s\000c\000r\000i\000p\000t\000i\000o\000n\000\040\000d\000\351\000t\000a\000i\000l\000l\000\351\000e}{section.6.22}% 164
\BOOKMARK [2][-]{subsection.6.22.2}{\376\377\0006\000.\0002\0002\000.\0002\000\040\000D\000o\000c\000u\000m\000e\000n\000t\000a\000t\000i\000o\000n\000\040\000d\000e\000s\000\040\000f\000o\000n\000c\000t\000i\000o\000n\000s\000\040\000m\000e\000m\000b\000r\000e\000s}{section.6.22}% 165
\BOOKMARK [3][-]{subsubsection.6.22.2.1}{\376\377\0006\000.\0002\0002\000.\0002\000.\0001\000\040\000b\000u\000i\000l\000d\000F\000o\000r\000m\000\050\000\051}{subsection.6.22.2}% 166
\BOOKMARK [3][-]{subsubsection.6.22.2.2}{\376\377\0006\000.\0002\0002\000.\0002\000.\0002\000\040\000c\000o\000n\000f\000i\000g\000u\000r\000e\000O\000p\000t\000i\000o\000n\000s\000\050\000\051}{subsection.6.22.2}% 167
\BOOKMARK [1][-]{section.6.23}{\376\377\0006\000.\0002\0003\000\040\000R\000\351\000f\000\351\000r\000e\000n\000c\000e\000\040\000d\000e\000\040\000l\000a\000\040\000c\000l\000a\000s\000s\000e\000\040\000A\000p\000p\000\134\000E\000n\000t\000i\000t\000y\000\134\000U\000s\000e\000r}{chapter.6}% 168
\BOOKMARK [2][-]{subsection.6.23.1}{\376\377\0006\000.\0002\0003\000.\0001\000\040\000D\000e\000s\000c\000r\000i\000p\000t\000i\000o\000n\000\040\000d\000\351\000t\000a\000i\000l\000l\000\351\000e}{section.6.23}% 169
\BOOKMARK [2][-]{subsection.6.23.2}{\376\377\0006\000.\0002\0003\000.\0002\000\040\000D\000o\000c\000u\000m\000e\000n\000t\000a\000t\000i\000o\000n\000\040\000d\000e\000s\000\040\000f\000o\000n\000c\000t\000i\000o\000n\000s\000\040\000m\000e\000m\000b\000r\000e\000s}{section.6.23}% 170
\BOOKMARK [3][-]{subsubsection.6.23.2.1}{\376\377\0006\000.\0002\0003\000.\0002\000.\0001\000\040\000e\000r\000a\000s\000e\000C\000r\000e\000d\000e\000n\000t\000i\000a\000l\000s\000\050\000\051}{subsection.6.23.2}% 171
\BOOKMARK [3][-]{subsubsection.6.23.2.2}{\376\377\0006\000.\0002\0003\000.\0002\000.\0002\000\040\000g\000e\000t\000A\000c\000t\000i\000v\000a\000t\000i\000o\000n\000T\000o\000k\000e\000n\000\050\000\051}{subsection.6.23.2}% 172
\BOOKMARK [3][-]{subsubsection.6.23.2.3}{\376\377\0006\000.\0002\0003\000.\0002\000.\0003\000\040\000g\000e\000t\000D\000e\000l\000i\000v\000e\000r\000y\000A\000d\000d\000r\000e\000s\000s\000\050\000\051}{subsection.6.23.2}% 173
\BOOKMARK [3][-]{subsubsection.6.23.2.4}{\376\377\0006\000.\0002\0003\000.\0002\000.\0004\000\040\000g\000e\000t\000E\000m\000a\000i\000l\000\050\000\051}{subsection.6.23.2}% 174
\BOOKMARK [3][-]{subsubsection.6.23.2.5}{\376\377\0006\000.\0002\0003\000.\0002\000.\0005\000\040\000g\000e\000t\000I\000d\000\050\000\051}{subsection.6.23.2}% 175
\BOOKMARK [3][-]{subsubsection.6.23.2.6}{\376\377\0006\000.\0002\0003\000.\0002\000.\0006\000\040\000g\000e\000t\000P\000a\000s\000s\000w\000o\000r\000d\000\050\000\051}{subsection.6.23.2}% 176
\BOOKMARK [3][-]{subsubsection.6.23.2.7}{\376\377\0006\000.\0002\0003\000.\0002\000.\0007\000\040\000g\000e\000t\000R\000o\000l\000e\000s\000\050\000\051}{subsection.6.23.2}% 177
\BOOKMARK [3][-]{subsubsection.6.23.2.8}{\376\377\0006\000.\0002\0003\000.\0002\000.\0008\000\040\000g\000e\000t\000U\000s\000e\000r\000I\000d\000e\000n\000t\000i\000f\000i\000e\000r\000\050\000\051}{subsection.6.23.2}% 178
\BOOKMARK [3][-]{subsubsection.6.23.2.9}{\376\377\0006\000.\0002\0003\000.\0002\000.\0009\000\040\000g\000e\000t\000U\000s\000e\000r\000n\000a\000m\000e\000\050\000\051}{subsection.6.23.2}% 179
\BOOKMARK [3][-]{subsubsection.6.23.2.10}{\376\377\0006\000.\0002\0003\000.\0002\000.\0001\0000\000\040\000i\000s\000V\000e\000r\000i\000f\000i\000e\000d\000\050\000\051}{subsection.6.23.2}% 180
\BOOKMARK [3][-]{subsubsection.6.23.2.11}{\376\377\0006\000.\0002\0003\000.\0002\000.\0001\0001\000\040\000s\000e\000t\000A\000c\000t\000i\000v\000a\000t\000i\000o\000n\000T\000o\000k\000e\000n\000\050\000\051}{subsection.6.23.2}% 181
\BOOKMARK [3][-]{subsubsection.6.23.2.12}{\376\377\0006\000.\0002\0003\000.\0002\000.\0001\0002\000\040\000s\000e\000t\000D\000e\000l\000i\000v\000e\000r\000y\000A\000d\000d\000r\000e\000s\000s\000\050\000\051}{subsection.6.23.2}% 182
\BOOKMARK [3][-]{subsubsection.6.23.2.13}{\376\377\0006\000.\0002\0003\000.\0002\000.\0001\0003\000\040\000s\000e\000t\000E\000m\000a\000i\000l\000\050\000\051}{subsection.6.23.2}% 183
\BOOKMARK [3][-]{subsubsection.6.23.2.14}{\376\377\0006\000.\0002\0003\000.\0002\000.\0001\0004\000\040\000s\000e\000t\000I\000s\000V\000e\000r\000i\000f\000i\000e\000d\000\050\000\051}{subsection.6.23.2}% 184
\BOOKMARK [3][-]{subsubsection.6.23.2.15}{\376\377\0006\000.\0002\0003\000.\0002\000.\0001\0005\000\040\000s\000e\000t\000P\000a\000s\000s\000w\000o\000r\000d\000\050\000\051}{subsection.6.23.2}% 185
\BOOKMARK [3][-]{subsubsection.6.23.2.16}{\376\377\0006\000.\0002\0003\000.\0002\000.\0001\0006\000\040\000s\000e\000t\000R\000o\000l\000e\000s\000\050\000\051}{subsection.6.23.2}% 186
\BOOKMARK [3][-]{subsubsection.6.23.2.17}{\376\377\0006\000.\0002\0003\000.\0002\000.\0001\0007\000\040\000s\000e\000t\000U\000s\000e\000r\000n\000a\000m\000e\000\050\000\051}{subsection.6.23.2}% 187
\BOOKMARK [2][-]{subsection.6.23.3}{\376\377\0006\000.\0002\0003\000.\0003\000\040\000D\000o\000c\000u\000m\000e\000n\000t\000a\000t\000i\000o\000n\000\040\000d\000e\000s\000\040\000d\000o\000n\000n\000\351\000e\000s\000\040\000m\000e\000m\000b\000r\000e\000s}{section.6.23}% 188
\BOOKMARK [3][-]{subsubsection.6.23.3.1}{\376\377\0006\000.\0002\0003\000.\0003\000.\0001\000\040\000\044\000a\000c\000t\000i\000v\000a\000t\000i\000o\000n\000T\000o\000k\000e\000n}{subsection.6.23.3}% 189
\BOOKMARK [3][-]{subsubsection.6.23.3.2}{\376\377\0006\000.\0002\0003\000.\0003\000.\0002\000\040\000\044\000d\000e\000l\000i\000v\000e\000r\000y\000A\000d\000d\000r\000e\000s\000s}{subsection.6.23.3}% 190
\BOOKMARK [3][-]{subsubsection.6.23.3.3}{\376\377\0006\000.\0002\0003\000.\0003\000.\0003\000\040\000\044\000e\000m\000a\000i\000l}{subsection.6.23.3}% 191
\BOOKMARK [3][-]{subsubsection.6.23.3.4}{\376\377\0006\000.\0002\0003\000.\0003\000.\0004\000\040\000\044\000i\000d}{subsection.6.23.3}% 192
\BOOKMARK [3][-]{subsubsection.6.23.3.5}{\376\377\0006\000.\0002\0003\000.\0003\000.\0005\000\040\000\044\000i\000s\000V\000e\000r\000i\000f\000i\000e\000d}{subsection.6.23.3}% 193
\BOOKMARK [3][-]{subsubsection.6.23.3.6}{\376\377\0006\000.\0002\0003\000.\0003\000.\0006\000\040\000\044\000p\000a\000s\000s\000w\000o\000r\000d}{subsection.6.23.3}% 194
\BOOKMARK [3][-]{subsubsection.6.23.3.7}{\376\377\0006\000.\0002\0003\000.\0003\000.\0007\000\040\000\044\000r\000o\000l\000e\000s}{subsection.6.23.3}% 195
\BOOKMARK [3][-]{subsubsection.6.23.3.8}{\376\377\0006\000.\0002\0003\000.\0003\000.\0008\000\040\000\044\000u\000s\000e\000r\000n\000a\000m\000e}{subsection.6.23.3}% 196
\BOOKMARK [1][-]{section.6.24}{\376\377\0006\000.\0002\0004\000\040\000R\000\351\000f\000\351\000r\000e\000n\000c\000e\000\040\000d\000e\000\040\000l\000a\000\040\000c\000l\000a\000s\000s\000e\000\040\000A\000p\000p\000\134\000R\000e\000p\000o\000s\000i\000t\000o\000r\000y\000\134\000U\000s\000e\000r\000R\000e\000p\000o\000s\000i\000t\000o\000r\000y}{chapter.6}% 197
\BOOKMARK [2][-]{subsection.6.24.1}{\376\377\0006\000.\0002\0004\000.\0001\000\040\000D\000e\000s\000c\000r\000i\000p\000t\000i\000o\000n\000\040\000d\000\351\000t\000a\000i\000l\000l\000\351\000e}{section.6.24}% 198
\BOOKMARK [2][-]{subsection.6.24.2}{\376\377\0006\000.\0002\0004\000.\0002\000\040\000D\000o\000c\000u\000m\000e\000n\000t\000a\000t\000i\000o\000n\000\040\000d\000e\000s\000\040\000c\000o\000n\000s\000t\000r\000u\000c\000t\000e\000u\000r\000s\000\040\000e\000t\000\040\000d\000e\000s\000t\000r\000u\000c\000t\000e\000u\000r}{section.6.24}% 199
\BOOKMARK [3][-]{subsubsection.6.24.2.1}{\376\377\0006\000.\0002\0004\000.\0002\000.\0001\000\040\000\137\000\137\000c\000o\000n\000s\000t\000r\000u\000c\000t\000\050\000\051}{subsection.6.24.2}% 200
\BOOKMARK [2][-]{subsection.6.24.3}{\376\377\0006\000.\0002\0004\000.\0003\000\040\000D\000o\000c\000u\000m\000e\000n\000t\000a\000t\000i\000o\000n\000\040\000d\000e\000s\000\040\000f\000o\000n\000c\000t\000i\000o\000n\000s\000\040\000m\000e\000m\000b\000r\000e\000s}{section.6.24}% 201
\BOOKMARK [3][-]{subsubsection.6.24.3.1}{\376\377\0006\000.\0002\0004\000.\0003\000.\0001\000\040\000u\000p\000g\000r\000a\000d\000e\000P\000a\000s\000s\000w\000o\000r\000d\000\050\000\051}{subsection.6.24.3}% 202
\BOOKMARK [0][-]{chapter.7}{\376\377\0007\000\040\000D\000o\000c\000u\000m\000e\000n\000t\000a\000t\000i\000o\000n\000\040\000d\000e\000s\000\040\000f\000i\000c\000h\000i\000e\000r\000s}{}% 203
\BOOKMARK [1][-]{section.7.1}{\376\377\0007\000.\0001\000\040\000R\000\351\000f\000\351\000r\000e\000n\000c\000e\000\040\000d\000u\000\040\000f\000i\000c\000h\000i\000e\000r\000\040\000s\000r\000c\000/\000C\000o\000n\000t\000r\000o\000l\000l\000e\000r\000/\000A\000d\000m\000i\000n\000C\000o\000n\000t\000r\000o\000l\000l\000e\000r\000.\000p\000h\000p}{chapter.7}% 204
\BOOKMARK [1][-]{section.7.2}{\376\377\0007\000.\0002\000\040\000R\000\351\000f\000\351\000r\000e\000n\000c\000e\000\040\000d\000u\000\040\000f\000i\000c\000h\000i\000e\000r\000\040\000s\000r\000c\000/\000C\000o\000n\000t\000r\000o\000l\000l\000e\000r\000/\000C\000a\000r\000t\000C\000o\000n\000t\000r\000o\000l\000l\000e\000r\000.\000p\000h\000p}{chapter.7}% 205
\BOOKMARK [1][-]{section.7.3}{\376\377\0007\000.\0003\000\040\000R\000\351\000f\000\351\000r\000e\000n\000c\000e\000\040\000d\000u\000\040\000f\000i\000c\000h\000i\000e\000r\000\040\000s\000r\000c\000/\000C\000o\000n\000t\000r\000o\000l\000l\000e\000r\000/\000H\000o\000m\000e\000C\000o\000n\000t\000r\000o\000l\000l\000e\000r\000.\000p\000h\000p}{chapter.7}% 206
\BOOKMARK [1][-]{section.7.4}{\376\377\0007\000.\0004\000\040\000R\000\351\000f\000\351\000r\000e\000n\000c\000e\000\040\000d\000u\000\040\000f\000i\000c\000h\000i\000e\000r\000\040\000s\000r\000c\000/\000C\000o\000n\000t\000r\000o\000l\000l\000e\000r\000/\000L\000o\000g\000i\000n\000C\000o\000n\000t\000r\000o\000l\000l\000e\000r\000.\000p\000h\000p}{chapter.7}% 207
\BOOKMARK [1][-]{section.7.5}{\376\377\0007\000.\0005\000\040\000R\000\351\000f\000\351\000r\000e\000n\000c\000e\000\040\000d\000u\000\040\000f\000i\000c\000h\000i\000e\000r\000\040\000s\000r\000c\000/\000C\000o\000n\000t\000r\000o\000l\000l\000e\000r\000/\000P\000a\000y\000m\000e\000n\000t\000C\000o\000n\000t\000r\000o\000l\000l\000e\000r\000.\000p\000h\000p}{chapter.7}% 208
\BOOKMARK [1][-]{section.7.6}{\376\377\0007\000.\0006\000\040\000R\000\351\000f\000\351\000r\000e\000n\000c\000e\000\040\000d\000u\000\040\000f\000i\000c\000h\000i\000e\000r\000\040\000s\000r\000c\000/\000C\000o\000n\000t\000r\000o\000l\000l\000e\000r\000/\000P\000r\000o\000d\000u\000c\000t\000C\000o\000n\000t\000r\000o\000l\000l\000e\000r\000.\000p\000h\000p}{chapter.7}% 209
\BOOKMARK [1][-]{section.7.7}{\376\377\0007\000.\0007\000\040\000R\000\351\000f\000\351\000r\000e\000n\000c\000e\000\040\000d\000u\000\040\000f\000i\000c\000h\000i\000e\000r\000\040\000s\000r\000c\000/\000C\000o\000n\000t\000r\000o\000l\000l\000e\000r\000/\000R\000e\000g\000i\000s\000t\000r\000a\000t\000i\000o\000n\000C\000o\000n\000t\000r\000o\000l\000l\000e\000r\000.\000p\000h\000p}{chapter.7}% 210
\BOOKMARK [1][-]{section.7.8}{\376\377\0007\000.\0008\000\040\000R\000\351\000f\000\351\000r\000e\000n\000c\000e\000\040\000d\000u\000\040\000f\000i\000c\000h\000i\000e\000r\000\040\000s\000r\000c\000/\000C\000o\000n\000t\000r\000o\000l\000l\000e\000r\000/\000R\000e\000s\000e\000t\000P\000a\000s\000s\000w\000o\000r\000d\000C\000o\000n\000t\000r\000o\000l\000l\000e\000r\000.\000p\000h\000p}{chapter.7}% 211
\BOOKMARK [1][-]{section.7.9}{\376\377\0007\000.\0009\000\040\000R\000\351\000f\000\351\000r\000e\000n\000c\000e\000\040\000d\000u\000\040\000f\000i\000c\000h\000i\000e\000r\000\040\000s\000r\000c\000/\000C\000o\000n\000t\000r\000o\000l\000l\000e\000r\000/\000S\000e\000c\000u\000r\000i\000t\000y\000C\000o\000n\000t\000r\000o\000l\000l\000e\000r\000.\000p\000h\000p}{chapter.7}% 212
\BOOKMARK [1][-]{section.7.10}{\376\377\0007\000.\0001\0000\000\040\000R\000\351\000f\000\351\000r\000e\000n\000c\000e\000\040\000d\000u\000\040\000f\000i\000c\000h\000i\000e\000r\000\040\000s\000r\000c\000/\000C\000o\000n\000t\000r\000o\000l\000l\000e\000r\000/\000S\000h\000o\000p\000C\000o\000n\000t\000r\000o\000l\000l\000e\000r\000.\000p\000h\000p}{chapter.7}% 213
\BOOKMARK [1][-]{section.7.11}{\376\377\0007\000.\0001\0001\000\040\000R\000\351\000f\000\351\000r\000e\000n\000c\000e\000\040\000d\000u\000\040\000f\000i\000c\000h\000i\000e\000r\000\040\000s\000r\000c\000/\000E\000n\000t\000i\000t\000y\000/\000R\000e\000s\000e\000t\000P\000a\000s\000s\000w\000o\000r\000d\000R\000e\000q\000u\000e\000s\000t\000.\000p\000h\000p}{chapter.7}% 214
\BOOKMARK [1][-]{section.7.12}{\376\377\0007\000.\0001\0002\000\040\000R\000\351\000f\000\351\000r\000e\000n\000c\000e\000\040\000d\000u\000\040\000f\000i\000c\000h\000i\000e\000r\000\040\000s\000r\000c\000/\000E\000n\000t\000i\000t\000y\000/\000S\000w\000e\000a\000t\000s\000h\000i\000r\000t\000.\000p\000h\000p}{chapter.7}% 215
\BOOKMARK [1][-]{section.7.13}{\376\377\0007\000.\0001\0003\000\040\000R\000\351\000f\000\351\000r\000e\000n\000c\000e\000\040\000d\000u\000\040\000f\000i\000c\000h\000i\000e\000r\000\040\000s\000r\000c\000/\000E\000n\000t\000i\000t\000y\000/\000U\000s\000e\000r\000.\000p\000h\000p}{chapter.7}% 216
\BOOKMARK [1][-]{section.7.14}{\376\377\0007\000.\0001\0004\000\040\000R\000\351\000f\000\351\000r\000e\000n\000c\000e\000\040\000d\000u\000\040\000f\000i\000c\000h\000i\000e\000r\000\040\000s\000r\000c\000/\000F\000o\000r\000m\000/\000C\000h\000a\000n\000g\000e\000P\000a\000s\000s\000w\000o\000r\000d\000F\000o\000r\000m\000T\000y\000p\000e\000.\000p\000h\000p}{chapter.7}% 217
\BOOKMARK [1][-]{section.7.15}{\376\377\0007\000.\0001\0005\000\040\000R\000\351\000f\000\351\000r\000e\000n\000c\000e\000\040\000d\000u\000\040\000f\000i\000c\000h\000i\000e\000r\000\040\000s\000r\000c\000/\000F\000o\000r\000m\000/\000R\000e\000g\000i\000s\000t\000r\000a\000t\000i\000o\000n\000F\000o\000r\000m\000T\000y\000p\000e\000.\000p\000h\000p}{chapter.7}% 218
\BOOKMARK [1][-]{section.7.16}{\376\377\0007\000.\0001\0006\000\040\000R\000\351\000f\000\351\000r\000e\000n\000c\000e\000\040\000d\000u\000\040\000f\000i\000c\000h\000i\000e\000r\000\040\000s\000r\000c\000/\000F\000o\000r\000m\000/\000R\000e\000s\000e\000t\000P\000a\000s\000s\000w\000o\000r\000d\000R\000e\000q\000u\000e\000s\000t\000F\000o\000r\000m\000T\000y\000p\000e\000.\000p\000h\000p}{chapter.7}% 219
\BOOKMARK [1][-]{section.7.17}{\376\377\0007\000.\0001\0007\000\040\000R\000\351\000f\000\351\000r\000e\000n\000c\000e\000\040\000d\000u\000\040\000f\000i\000c\000h\000i\000e\000r\000\040\000s\000r\000c\000/\000F\000o\000r\000m\000/\000S\000w\000e\000a\000t\000s\000h\000i\000r\000t\000T\000y\000p\000e\000.\000p\000h\000p}{chapter.7}% 220
\BOOKMARK [1][-]{section.7.18}{\376\377\0007\000.\0001\0008\000\040\000R\000\351\000f\000\351\000r\000e\000n\000c\000e\000\040\000d\000u\000\040\000f\000i\000c\000h\000i\000e\000r\000\040\000s\000r\000c\000/\000K\000e\000r\000n\000e\000l\000.\000p\000h\000p}{chapter.7}% 221
\BOOKMARK [1][-]{section.7.19}{\376\377\0007\000.\0001\0009\000\040\000R\000\351\000f\000\351\000r\000e\000n\000c\000e\000\040\000d\000u\000\040\000f\000i\000c\000h\000i\000e\000r\000\040\000s\000r\000c\000/\000R\000e\000p\000o\000s\000i\000t\000o\000r\000y\000/\000R\000e\000s\000e\000t\000P\000a\000s\000s\000w\000o\000r\000d\000R\000e\000q\000u\000e\000s\000t\000R\000e\000p\000o\000s\000i\000t\000o\000r\000y\000.\000p\000h\000p}{chapter.7}% 222
\BOOKMARK [1][-]{section.7.20}{\376\377\0007\000.\0002\0000\000\040\000R\000\351\000f\000\351\000r\000e\000n\000c\000e\000\040\000d\000u\000\040\000f\000i\000c\000h\000i\000e\000r\000\040\000s\000r\000c\000/\000R\000e\000p\000o\000s\000i\000t\000o\000r\000y\000/\000S\000w\000e\000a\000t\000s\000h\000i\000r\000t\000R\000e\000p\000o\000s\000i\000t\000o\000r\000y\000.\000p\000h\000p}{chapter.7}% 223
\BOOKMARK [1][-]{section.7.21}{\376\377\0007\000.\0002\0001\000\040\000R\000\351\000f\000\351\000r\000e\000n\000c\000e\000\040\000d\000u\000\040\000f\000i\000c\000h\000i\000e\000r\000\040\000s\000r\000c\000/\000R\000e\000p\000o\000s\000i\000t\000o\000r\000y\000/\000U\000s\000e\000r\000R\000e\000p\000o\000s\000i\000t\000o\000r\000y\000.\000p\000h\000p}{chapter.7}% 224
\BOOKMARK [1][-]{section.7.22}{\376\377\0007\000.\0002\0002\000\040\000R\000\351\000f\000\351\000r\000e\000n\000c\000e\000\040\000d\000u\000\040\000f\000i\000c\000h\000i\000e\000r\000\040\000s\000r\000c\000/\000S\000e\000c\000u\000r\000i\000t\000y\000/\000A\000u\000t\000h\000A\000u\000t\000h\000e\000n\000t\000i\000c\000a\000t\000o\000r\000.\000p\000h\000p}{chapter.7}% 225
\BOOKMARK [1][-]{section.7.23}{\376\377\0007\000.\0002\0003\000\040\000R\000\351\000f\000\351\000r\000e\000n\000c\000e\000\040\000d\000u\000\040\000f\000i\000c\000h\000i\000e\000r\000\040\000s\000r\000c\000/\000S\000e\000c\000u\000r\000i\000t\000y\000/\000E\000m\000a\000i\000l\000V\000e\000r\000i\000f\000i\000e\000r\000.\000p\000h\000p}{chapter.7}% 226
\BOOKMARK [1][-]{section.7.24}{\376\377\0007\000.\0002\0004\000\040\000R\000\351\000f\000\351\000r\000e\000n\000c\000e\000\040\000d\000u\000\040\000f\000i\000c\000h\000i\000e\000r\000\040\000s\000r\000c\000/\000S\000e\000r\000v\000i\000c\000e\000/\000C\000a\000r\000t\000S\000e\000r\000v\000i\000c\000e\000.\000p\000h\000p}{chapter.7}% 227
\BOOKMARK [1][-]{section.7.25}{\376\377\0007\000.\0002\0005\000\040\000R\000\351\000f\000\351\000r\000e\000n\000c\000e\000\040\000d\000u\000\040\000f\000i\000c\000h\000i\000e\000r\000\040\000s\000r\000c\000/\000S\000e\000r\000v\000i\000c\000e\000/\000S\000t\000r\000i\000p\000e\000S\000e\000r\000v\000i\000c\000e\000.\000p\000h\000p}{chapter.7}% 228
