This is pdfTeX, Version 3.141592653-2.6-1.40.27 (MiKTeX 25.4) (preloaded format=pdflatex 2025.5.3)  3 MAY 2025 21:11
entering extended mode
 restricted \write18 enabled.
 %&-line parsing enabled.
**./refman.tex
(refman.tex
LaTeX2e <2024-11-01> patch level 2
L3 programming layer <2025-03-26>
(C:\Users\natha\AppData\Local\Programs\MiKTeX\tex/generic/iftex\iftex.sty
Package: iftex 2024/12/12 v1.0g TeX engine tests
)
(C:\Users\natha\AppData\Local\Programs\MiKTeX\tex/latex/base\book.cls
Document Class: book 2024/06/29 v1.4n Standard LaTeX document class
(C:\Users\natha\AppData\Local\Programs\MiKTeX\tex/latex/base\bk10.clo
File: bk10.clo 2024/06/29 v1.4n Standard LaTeX file (size option)
)
\c@part=\count197
\c@chapter=\count198
\c@section=\count199
\c@subsection=\count266
\c@subsubsection=\count267
\c@paragraph=\count268
\c@subparagraph=\count269
\c@figure=\count270
\c@table=\count271
\abovecaptionskip=\skip49
\belowcaptionskip=\skip50
\bibindent=\dimen146
)
(C:\Users\natha\AppData\Local\Programs\MiKTeX\tex/latex/base\ifthen.sty
Package: ifthen 2024/03/16 v1.1e Standard LaTeX ifthen package (DPC)
)
(C:\Users\natha\AppData\Local\Programs\MiKTeX\tex/latex/tools\array.sty
Rollback for package 'array' requested -> date 2016-10-06.
         Best approximation is the release introduced on 2016-10-06.

(C:\Users\natha\AppData\Local\Programs\MiKTeX\tex/latex/tools\array-2016-10-06.
sty
Package: array 2016/10/06 v2.4d Tabular extension package (FMi)
\col@sep=\dimen147
\extrarowheight=\dimen148
\NC@list=\toks17
\extratabsurround=\skip51
\backup@length=\skip52
))
(C:\Users\natha\AppData\Local\Programs\MiKTeX\tex/generic/infwarerr\infwarerr.s
ty
package info suppressed
) (doxygen.sty
Package: doxygen 

(C:\Users\natha\AppData\Local\Programs\MiKTeX\tex/latex/base\alltt.sty
Package: alltt 2024/07/07 v2.0g defines alltt environment
)
(C:\Users\natha\AppData\Local\Programs\MiKTeX\tex/latex/tools\calc.sty
Package: calc 2023/07/08 v4.3 Infix arithmetic (KKT,FJ)
\calc@Acount=\count272
\calc@Bcount=\count273
\calc@Adimen=\dimen149
\calc@Bdimen=\dimen150
\calc@Askip=\skip53
\calc@Bskip=\skip54
LaTeX Info: Redefining \setlength on input line 80.
LaTeX Info: Redefining \addtolength on input line 81.
\calc@Ccount=\count274
\calc@Cskip=\skip55
)
(C:\Users\natha\AppData\Local\Programs\MiKTeX\tex/latex/float\float.sty
Package: float 2001/11/08 v1.3d Float enhancements (AL)
\c@float@type=\count275
\float@exts=\toks18
\float@box=\box53
\@float@everytoks=\toks19
\@floatcapt=\box54
)
(C:\Users\natha\AppData\Local\Programs\MiKTeX\tex/latex/tools\verbatim.sty
Package: verbatim 2024-01-22 v1.5x LaTeX2e package for verbatim enhancements
\every@verbatim=\toks20
\verbatim@line=\toks21
\verbatim@in@stream=\read2
)
(C:\Users\natha\AppData\Local\Programs\MiKTeX\tex/latex/xcolor\xcolor.sty
Package: xcolor 2024/09/29 v3.02 LaTeX color extensions (UK)

(C:\Users\natha\AppData\Local\Programs\MiKTeX\tex/latex/graphics-cfg\color.cfg
File: color.cfg 2016/01/02 v1.6 sample color configuration
)
Package xcolor Info: Driver file: pdftex.def on input line 274.

(C:\Users\natha\AppData\Local\Programs\MiKTeX\tex/latex/graphics-def\pdftex.def
File: pdftex.def 2024/04/13 v1.2c Graphics/color driver for pdftex
)
(C:\Users\natha\AppData\Local\Programs\MiKTeX\tex/latex/graphics\mathcolor.ltx)
Package xcolor Info: Model `cmy' substituted by `cmy0' on input line 1349.
Package xcolor Info: Model `hsb' substituted by `rgb' on input line 1353.
Package xcolor Info: Model `RGB' extended on input line 1365.
Package xcolor Info: Model `HTML' substituted by `rgb' on input line 1367.
Package xcolor Info: Model `Hsb' substituted by `hsb' on input line 1368.
Package xcolor Info: Model `tHsb' substituted by `hsb' on input line 1369.
Package xcolor Info: Model `HSB' substituted by `hsb' on input line 1370.
Package xcolor Info: Model `Gray' substituted by `gray' on input line 1371.
Package xcolor Info: Model `wave' substituted by `hsb' on input line 1372.
) (C:\Users\natha\AppData\Local\Programs\MiKTeX\tex/latex/colortbl\colortbl.sty
Package: colortbl 2024/07/06 v1.0i Color table columns (DPC)
\everycr=\toks22
\minrowclearance=\skip56
\rownum=\count276
) (longtable_doxygen.sty
Package: longtable_doxygen 2014/10/28 v4.11 Multi-page Table package (DPC) - fr
ozen version for doxygen
\LTleft=\skip57
\LTright=\skip58
\LTpre=\skip59
\LTpost=\skip60
\LTchunksize=\count277
\LTcapwidth=\dimen151
\LT@head=\box55
\LT@firsthead=\box56
\LT@foot=\box57
\LT@lastfoot=\box58
\LT@cols=\count278
\LT@rows=\count279
\c@LT@tables=\count280
\c@LT@chunks=\count281
\LT@p@ftn=\toks23
) (tabu_doxygen.sty
Package: tabu_doxygen 2011/02/26 v2.8 - flexible LaTeX tabulars (FC), frozen ve
rsion for doxygen

(C:\Users\natha\AppData\Local\Programs\MiKTeX\tex/latex/varwidth\varwidth.sty
Package: varwidth 2009/03/30 ver 0.92;  Variable-width minipages
\@vwid@box=\box59
\sift@deathcycles=\count282
\@vwid@loff=\dimen152
\@vwid@roff=\dimen153
)
\c@taburow=\count283
\tabu@nbcols=\count284
\tabu@cnt=\count285
\tabu@Xcol=\count286
\tabu@alloc=\count287
\tabu@nested=\count288
\tabu@target=\dimen154
\tabu@spreadtarget=\dimen155
\tabu@naturalX=\dimen156
\tabucolX=\dimen157
\tabu@Xsum=\dimen158
\extrarowdepth=\dimen159
\abovetabulinesep=\dimen160
\belowtabulinesep=\dimen161
\tabustrutrule=\dimen162
\tabu@thebody=\toks24
\tabu@footnotes=\toks25
\tabu@box=\box60
\tabu@arstrutbox=\box61
\tabu@hleads=\box62
\tabu@vleads=\box63
\tabu@cellskip=\skip61
) (C:\Users\natha\AppData\Local\Programs\MiKTeX\tex/latex/fancyvrb\fancyvrb.sty
Package: fancyvrb 2024/01/20 4.5c verbatim text (tvz,hv)

(C:\Users\natha\AppData\Local\Programs\MiKTeX\tex/latex/graphics\keyval.sty
Package: keyval 2022/05/29 v1.15 key=value parser (DPC)
\KV@toks@=\toks26
)
\FV@CodeLineNo=\count289
\FV@InFile=\read3
\FV@TabBox=\box64
\c@FancyVerbLine=\count290
\FV@StepNumber=\count291
\FV@OutFile=\write3
)
(C:\Users\natha\AppData\Local\Programs\MiKTeX\tex/latex/tools\tabularx.sty
Package: tabularx 2023/12/11 v2.12a `tabularx' package (DPC)
\TX@col@width=\dimen163
\TX@old@table=\dimen164
\TX@old@col=\dimen165
\TX@target=\dimen166
\TX@delta=\dimen167
\TX@cols=\count292
\TX@ftn=\toks27
)
(C:\Users\natha\AppData\Local\Programs\MiKTeX\tex/latex/tools\multicol.sty
Package: multicol 2024/09/14 v1.9i multicolumn formatting (FMi)
\c@tracingmulticols=\count293
\mult@box=\box65
\multicol@leftmargin=\dimen168
\c@unbalance=\count294
\c@collectmore=\count295
\doublecol@number=\count296
\multicoltolerance=\count297
\multicolpretolerance=\count298
\full@width=\dimen169
\page@free=\dimen170
\premulticols=\dimen171
\postmulticols=\dimen172
\multicolsep=\skip62
\multicolbaselineskip=\skip63
\partial@page=\box66
\last@line=\box67
\mc@boxedresult=\box68
\maxbalancingoverflow=\dimen173
\mult@rightbox=\box69
\mult@grightbox=\box70
\mult@firstbox=\box71
\mult@gfirstbox=\box72
\@tempa=\box73
\@tempa=\box74
\@tempa=\box75
\@tempa=\box76
\@tempa=\box77
\@tempa=\box78
\@tempa=\box79
\@tempa=\box80
\@tempa=\box81
\@tempa=\box82
\@tempa=\box83
\@tempa=\box84
\@tempa=\box85
\@tempa=\box86
\@tempa=\box87
\@tempa=\box88
\@tempa=\box89
\@tempa=\box90
\@tempa=\box91
\@tempa=\box92
\@tempa=\box93
\@tempa=\box94
\@tempa=\box95
\@tempa=\box96
\@tempa=\box97
\@tempa=\box98
\@tempa=\box99
\@tempa=\box100
\@tempa=\box101
\@tempa=\box102
\@tempa=\box103
\@tempa=\box104
\@tempa=\box105
\@tempa=\box106
\@tempa=\box107
\@tempa=\box108
\c@minrows=\count299
\c@columnbadness=\count300
\c@finalcolumnbadness=\count301
\last@try=\dimen174
\multicolovershoot=\dimen175
\multicolundershoot=\dimen176
\mult@nat@firstbox=\box109
\colbreak@box=\box110
\mc@col@check@num=\count302
)
(C:\Users\natha\AppData\Local\Programs\MiKTeX\tex/latex/multirow\multirow.sty
Package: multirow 2024/11/12 v2.9 Span multiple rows of a table
\multirow@colwidth=\skip64
\multirow@cntb=\count303
\multirow@dima=\skip65
\bigstrutjot=\dimen177
)
(C:\Users\natha\AppData\Local\Programs\MiKTeX\tex/latex/hanging\hanging.sty
Package: hanging 2009/09/02 v1.2b hanging paragraphs and punctuation
\h@ngcommawd=\skip66
\h@ngfstopwd=\skip67
\h@ngquotewd=\skip68
\h@ngdquotewd=\skip69
\h@ngquerywd=\skip70
\h@ngexclwd=\skip71
\h@ngcolonwd=\skip72
\h@ngscolonwd=\skip73
)
(C:\Users\natha\AppData\Local\Programs\MiKTeX\tex/generic/iftex\ifpdf.sty
Package: ifpdf 2019/10/25 v3.4 ifpdf legacy package. Use iftex instead.
)
(C:\Users\natha\AppData\Local\Programs\MiKTeX\tex/latex/adjustbox\adjustbox.sty
Package: adjustbox 2025/02/26 v1.3c Adjusting TeX boxes (trim, clip, ...)
(C:\Users\natha\AppData\Local\Programs\MiKTeX\tex/latex/xkeyval\xkeyval.sty
Package: xkeyval 2022/06/16 v2.9 package option processing (HA)

(C:\Users\natha\AppData\Local\Programs\MiKTeX\tex/generic/xkeyval\xkeyval.tex
(C:\Users\natha\AppData\Local\Programs\MiKTeX\tex/generic/xkeyval\xkvutils.tex
\XKV@toks=\toks28
\XKV@tempa@toks=\toks29
)
\XKV@depth=\count304
File: xkeyval.tex 2014/12/03 v2.7a key=value parser (HA)
))
(C:\Users\natha\AppData\Local\Programs\MiKTeX\tex/latex/adjustbox\adjcalc.sty
Package: adjcalc 2012/05/16 v1.1 Provides advanced setlength with multiple back
-ends (calc, etex, pgfmath)
)
(C:\Users\natha\AppData\Local\Programs\MiKTeX\tex/latex/adjustbox\trimclip.sty
Package: trimclip 2025/02/21 v1.2a Trim and clip general TeX material

(C:\Users\natha\AppData\Local\Programs\MiKTeX\tex/latex/graphics\graphicx.sty
Package: graphicx 2021/09/16 v1.2d Enhanced LaTeX Graphics (DPC,SPQR)

(C:\Users\natha\AppData\Local\Programs\MiKTeX\tex/latex/graphics\graphics.sty
Package: graphics 2024/08/06 v1.4g Standard LaTeX Graphics (DPC,SPQR)

(C:\Users\natha\AppData\Local\Programs\MiKTeX\tex/latex/graphics\trig.sty
Package: trig 2023/12/02 v1.11 sin cos tan (DPC)
)
(C:\Users\natha\AppData\Local\Programs\MiKTeX\tex/latex/graphics-cfg\graphics.c
fg
File: graphics.cfg 2016/06/04 v1.11 sample graphics configuration
)
Package graphics Info: Driver file: pdftex.def on input line 106.
)
\Gin@req@height=\dimen178
\Gin@req@width=\dimen179
)
(C:\Users\natha\AppData\Local\Programs\MiKTeX\tex/latex/collectbox\collectbox.s
ty
Package: collectbox 2022/10/17 v0.4c Collect macro arguments as boxes
\collectedbox=\box111
)
\tc@llx=\dimen180
\tc@lly=\dimen181
\tc@urx=\dimen182
\tc@ury=\dimen183
Package trimclip Info: Using driver 'tc-pdftex.def'.

(C:\Users\natha\AppData\Local\Programs\MiKTeX\tex/latex/adjustbox\tc-pdftex.def
File: tc-pdftex.def 2025/02/26 v2.3 Clipping driver for pdftex
))
\adjbox@Width=\dimen184
\adjbox@Height=\dimen185
\adjbox@Depth=\dimen186
\adjbox@Totalheight=\dimen187
\adjbox@pwidth=\dimen188
\adjbox@pheight=\dimen189
\adjbox@pdepth=\dimen190
\adjbox@ptotalheight=\dimen191

(C:\Users\natha\AppData\Local\Programs\MiKTeX\tex/latex/ifoddpage\ifoddpage.sty
Package: ifoddpage 2022/10/18 v1.2 Conditionals for odd/even page detection
\c@checkoddpage=\count305
)) (C:\Users\natha\AppData\Local\Programs\MiKTeX\tex/latex/amsfonts\amssymb.sty
Package: amssymb 2013/01/14 v3.01 AMS font symbols
(C:\Users\natha\AppData\Local\Programs\MiKTeX\tex/latex/amsfonts\amsfonts.sty
Package: amsfonts 2013/01/14 v3.01 Basic AMSFonts support
\@emptytoks=\toks30
\symAMSa=\mathgroup4
\symAMSb=\mathgroup5
LaTeX Font Info:    Redeclaring math symbol \hbar on input line 98.
LaTeX Font Info:    Overwriting math alphabet `\mathfrak' in version `bold'
(Font)                  U/euf/m/n --> U/euf/b/n on input line 106.
))
(C:\Users\natha\AppData\Local\Programs\MiKTeX\tex/latex/stackengine\stackengine
.sty
Package: stackengine 2021/07/22 v4.11\ Stacking text and objects in convenient 
ways

(C:\Users\natha\AppData\Local\Programs\MiKTeX\tex/latex/etoolbox\etoolbox.sty
Package: etoolbox 2025/02/11 v2.5l e-TeX tools for LaTeX (JAW)
\etb@tempcnta=\count306
)
(C:\Users\natha\AppData\Local\Programs\MiKTeX\tex/latex/listofitems\listofitems
.sty
(C:\Users\natha\AppData\Local\Programs\MiKTeX\tex/generic/listofitems\listofite
ms.tex
\loi_cnt_foreach_nest=\count307
\loi_nestcnt=\count308
)
Package: listofitems 2024/03/09 v1.65 Grab items in lists using user-specified 
sep char (CT)
)
\c@@stackindex=\count309
\@boxshift=\skip74
\stack@tmplength=\skip75
\temp@stkl=\skip76
\@stackedboxwidth=\skip77
\@addedbox=\box112
\@anchorbox=\box113
\@insetbox=\box114
\se@backgroundbox=\box115
\stackedbox=\box116
\@centerbox=\box117
\c@ROWcellindex@=\count310
)
(C:\Users\natha\AppData\Local\Programs\MiKTeX\tex/latex/enumitem\enumitem.sty
Package: enumitem 2025/02/06 v3.11 Customized lists
\labelindent=\skip78
\enit@outerparindent=\dimen192
\enit@toks=\toks31
\enit@inbox=\box118
\enit@count@id=\count311
\enitdp@description=\count312
)
(C:\Users\natha\AppData\Local\Programs\MiKTeX\tex/generic/alphalph\alphalph.sty
Package: alphalph 2019/12/09 v2.6 Convert numbers to letters (HO)
(C:\Users\natha\AppData\Local\Programs\MiKTeX\tex/generic/intcalc\intcalc.sty
Package: intcalc 2019/12/15 v1.3 Expandable calculations with integers (HO)
)) (C:\Users\natha\AppData\Local\Programs\MiKTeX\tex/latex/ulem\ulem.sty
\UL@box=\box119
\UL@hyphenbox=\box120
\UL@skip=\skip79
\UL@hook=\toks32
\UL@height=\dimen193
\UL@pe=\count313
\UL@pixel=\dimen194
\ULC@box=\box121
Package: ulem 2019/11/18
\ULdepth=\dimen195
)
\xrefbox=\box122
\xreflength=\skip80
\CodeWidthChar=\skip81
\CodeHeightChar=\skip82
\DoxyCodeWidth=\skip83
\c@DoxyEnumeratei=\count314
\c@DoxyEnumerateii=\count315
\c@DoxyEnumerateiii=\count316
\c@DoxyEnumerateiv=\count317
\c@DoxyEnumeratev=\count318
\c@DoxyEnumeratevi=\count319
\c@DoxyEnumeratevii=\count320
\c@DoxyEnumerateviii=\count321
\c@DoxyEnumerateix=\count322
\c@DoxyEnumeratex=\count323
\c@DoxyEnumeratexi=\count324
\c@DoxyEnumeratexii=\count325
\enitdp@DoxyEnumerate=\count326
\enitdp@DoxyItemize=\count327
\c@subsubsubsection=\count328
\c@subsubsubsubsection=\count329
\c@subsubsubsubsubsection=\count330
\c@subsubsubsubsubsubsection=\count331
)
(C:\Users\natha\AppData\Local\Programs\MiKTeX\tex/latex/base\inputenc.sty
Package: inputenc 2024/02/08 v1.3d Input encoding file
\inpenc@prehook=\toks33
\inpenc@posthook=\toks34
)
(C:\Users\natha\AppData\Local\Programs\MiKTeX\tex/latex/base\makeidx.sty
Package: makeidx 2021/10/04 v1.0m Standard LaTeX package
)
(C:\Users\natha\AppData\Local\Programs\MiKTeX\tex/latex/base\textcomp.sty
Package: textcomp 2024/04/24 v2.1b Standard LaTeX package
)
(C:\Users\natha\AppData\Local\Programs\MiKTeX\tex/latex/wasysym\wasysym.sty
Package: wasysym 2020/01/19 v2.4 Wasy-2 symbol support package
\symwasy=\mathgroup6
LaTeX Font Info:    Overwriting symbol font `wasy' in version `bold'
(Font)                  U/wasy/m/n --> U/wasy/b/n on input line 93.
)
(C:\Users\natha\AppData\Local\Programs\MiKTeX\tex/generic/iftex\ifxetex.sty
Package: ifxetex 2019/10/25 v0.7 ifxetex legacy package. Use iftex instead.
)
(C:\Users\natha\AppData\Local\Programs\MiKTeX\tex/generic/babel\babel.sty
Package: babel 2025/04/14 v25.7 The multilingual framework for pdfLaTeX, LuaLaT
eX and XeLaTeX
\babel@savecnt=\count332
\U@D=\dimen196
\l@unhyphenated=\language79

(C:\Users\natha\AppData\Local\Programs\MiKTeX\tex/generic/babel\txtbabel.def)
\bbl@readstream=\read4
\bbl@dirlevel=\count333

*************************************
* Local config file bblopts.cfg used
*
(C:\Users\natha\AppData\Local\Programs\MiKTeX\tex/latex/arabi\bblopts.cfg
File: bblopts.cfg 2005/09/08 v0.1 add Arabic and Farsi to "declared" options of
 babel
)
(C:\Users\natha\AppData\Local\Programs\MiKTeX\tex/generic/babel-french\french.l
df
Language: french 2024-07-25 v3.6c French support from the babel system
Package babel Info: Hyphen rules for 'acadian' set to \l@french
(babel)             (\language22). Reported on input line 91.
Package babel Info: Hyphen rules for 'canadien' set to \l@french
(babel)             (\language22). Reported on input line 92.
\FB@stdchar=\count334
Package babel Info: Making : an active character on input line 421.
Package babel Info: Making ; an active character on input line 422.
Package babel Info: Making ! an active character on input line 423.
Package babel Info: Making ? an active character on input line 424.
\FBguill@level=\count335
\FBold@everypar=\toks35
\FB@Mht=\dimen197
\mc@charclass=\count336
\mc@charfam=\count337
\mc@charslot=\count338
\std@mcc=\count339
\dec@mcc=\count340
\FB@parskip=\dimen198
\listindentFB=\dimen199
\descindentFB=\dimen256
\labelindentFB=\dimen257
\labelwidthFB=\dimen258
\leftmarginFB=\dimen259
\parindentFFN=\dimen260
\FBfnindent=\dimen261
))
(C:\Users\natha\AppData\Local\Programs\MiKTeX\tex/generic/babel/locale/fr\babel
-french.tex
Package babel Info: Importing font and identification data for french
(babel)             from babel-fr.ini. Reported on input line 11.
)
(C:\Users\natha\AppData\Local\Programs\MiKTeX\tex/latex/carlisle\scalefnt.sty)
(C:\Users\natha\AppData\Local\Programs\MiKTeX\tex/latex/base\fontenc.sty
Package: fontenc 2021/04/29 v2.0v Standard LaTeX package
)
(C:\Users\natha\AppData\Local\Programs\MiKTeX\tex/latex/psnfss\helvet.sty
Package: helvet 2020/03/25 PSNFSS-v9.3 (WaS) 
)
(C:\Users\natha\AppData\Local\Programs\MiKTeX\tex/latex/psnfss\courier.sty
Package: courier 2020/03/25 PSNFSS-v9.3 (WaS) 
)
(C:\Users\natha\AppData\Local\Programs\MiKTeX\tex/latex/geometry\geometry.sty
Package: geometry 2020/01/02 v5.9 Page Geometry

(C:\Users\natha\AppData\Local\Programs\MiKTeX\tex/generic/iftex\ifvtex.sty
Package: ifvtex 2019/10/25 v1.7 ifvtex legacy package. Use iftex instead.
)
\Gm@cnth=\count341
\Gm@cntv=\count342
\c@Gm@tempcnt=\count343
\Gm@bindingoffset=\dimen262
\Gm@wd@mp=\dimen263
\Gm@odd@mp=\dimen264
\Gm@even@mp=\dimen265
\Gm@layoutwidth=\dimen266
\Gm@layoutheight=\dimen267
\Gm@layouthoffset=\dimen268
\Gm@layoutvoffset=\dimen269
\Gm@dimlist=\toks36

(C:\Users\natha\AppData\Local\Programs\MiKTeX\tex/latex/geometry\geometry.cfg))

(C:\Users\natha\AppData\Local\Programs\MiKTeX\tex/latex/changepage\changepage.s
ty
Package: changepage 2009/10/20 v1.0c check page and change page layout
\c@cp@cntr=\count344
\cp@tempcnt=\count345
LaTeX Info: Redefining \checkoddpage on input line 59.
)
(C:\Users\natha\AppData\Local\Programs\MiKTeX\tex/latex/fancyhdr\fancyhdr.sty
Package: fancyhdr 2025/02/07 v5.2 Extensive control of page headers and footers

\f@nch@headwidth=\skip84
\f@nch@offset@elh=\skip85
\f@nch@offset@erh=\skip86
\f@nch@offset@olh=\skip87
\f@nch@offset@orh=\skip88
\f@nch@offset@elf=\skip89
\f@nch@offset@erf=\skip90
\f@nch@offset@olf=\skip91
\f@nch@offset@orf=\skip92
\f@nch@height=\skip93
\f@nch@footalignment=\skip94
\f@nch@widthL=\skip95
\f@nch@widthC=\skip96
\f@nch@widthR=\skip97
\@temptokenb=\toks37
)
(C:\Users\natha\AppData\Local\Programs\MiKTeX\tex/latex/natbib\natbib.sty
Package: natbib 2010/09/13 8.31b (PWD, AO)
\bibhang=\skip98
\bibsep=\skip99
LaTeX Info: Redefining \cite on input line 694.
\c@NAT@ctr=\count346
)
(C:\Users\natha\AppData\Local\Programs\MiKTeX\tex/latex/tocloft\tocloft.sty
Package: tocloft 2017/08/31 v2.3i parameterised ToC, etc., typesetting
Package tocloft Info: The document has chapter divisions on input line 51.
\cftparskip=\skip100
\cftbeforetoctitleskip=\skip101
\cftaftertoctitleskip=\skip102
\cftbeforepartskip=\skip103
\cftpartnumwidth=\skip104
\cftpartindent=\skip105
\cftbeforechapskip=\skip106
\cftchapindent=\skip107
\cftchapnumwidth=\skip108
\cftbeforesecskip=\skip109
\cftsecindent=\skip110
\cftsecnumwidth=\skip111
\cftbeforesubsecskip=\skip112
\cftsubsecindent=\skip113
\cftsubsecnumwidth=\skip114
\cftbeforesubsubsecskip=\skip115
\cftsubsubsecindent=\skip116
\cftsubsubsecnumwidth=\skip117
\cftbeforeparaskip=\skip118
\cftparaindent=\skip119
\cftparanumwidth=\skip120
\cftbeforesubparaskip=\skip121
\cftsubparaindent=\skip122
\cftsubparanumwidth=\skip123
\cftbeforeloftitleskip=\skip124
\cftafterloftitleskip=\skip125
\cftbeforefigskip=\skip126
\cftfigindent=\skip127
\cftfignumwidth=\skip128
\c@lofdepth=\count347
\c@lotdepth=\count348
\cftbeforelottitleskip=\skip129
\cftafterlottitleskip=\skip130
\cftbeforetabskip=\skip131
\cfttabindent=\skip132
\cfttabnumwidth=\skip133
)
\@indexfile=\write4
\openout4 = `refman.idx'.


Writing index file refman.idx

(C:\Users\natha\AppData\Local\Programs\MiKTeX\tex/latex/newunicodechar\newunico
dechar.sty
Package: newunicodechar 2018/04/08 v1.2 Defining Unicode characters
)
(C:\Users\natha\AppData\Local\Programs\MiKTeX\tex/latex/hyperref\hyperref.sty
Package: hyperref 2024-11-05 v7.01l Hypertext links for LaTeX

(C:\Users\natha\AppData\Local\Programs\MiKTeX\tex/latex/kvsetkeys\kvsetkeys.sty
Package: kvsetkeys 2022-10-05 v1.19 Key value parser (HO)
)
(C:\Users\natha\AppData\Local\Programs\MiKTeX\tex/generic/kvdefinekeys\kvdefine
keys.sty
Package: kvdefinekeys 2019-12-19 v1.6 Define keys (HO)
)
(C:\Users\natha\AppData\Local\Programs\MiKTeX\tex/generic/pdfescape\pdfescape.s
ty
Package: pdfescape 2019/12/09 v1.15 Implements pdfTeX's escape features (HO)

(C:\Users\natha\AppData\Local\Programs\MiKTeX\tex/generic/ltxcmds\ltxcmds.sty
Package: ltxcmds 2023-12-04 v1.26 LaTeX kernel commands for general use (HO)
)
(C:\Users\natha\AppData\Local\Programs\MiKTeX\tex/generic/pdftexcmds\pdftexcmds
.sty
Package: pdftexcmds 2020-06-27 v0.33 Utility functions of pdfTeX for LuaTeX (HO
)
Package pdftexcmds Info: \pdf@primitive is available.
Package pdftexcmds Info: \pdf@ifprimitive is available.
Package pdftexcmds Info: \pdfdraftmode found.
))
(C:\Users\natha\AppData\Local\Programs\MiKTeX\tex/latex/hycolor\hycolor.sty
Package: hycolor 2020-01-27 v1.10 Color options for hyperref/bookmark (HO)
)
(C:\Users\natha\AppData\Local\Programs\MiKTeX\tex/latex/hyperref\nameref.sty
Package: nameref 2023-11-26 v2.56 Cross-referencing by name of section

(C:\Users\natha\AppData\Local\Programs\MiKTeX\tex/latex/refcount\refcount.sty
Package: refcount 2019/12/15 v3.6 Data extraction from label references (HO)
)
(C:\Users\natha\AppData\Local\Programs\MiKTeX\tex/generic/gettitlestring\gettit
lestring.sty
Package: gettitlestring 2019/12/15 v1.6 Cleanup title references (HO)

(C:\Users\natha\AppData\Local\Programs\MiKTeX\tex/latex/kvoptions\kvoptions.sty
Package: kvoptions 2022-06-15 v3.15 Key value format for package options (HO)
))
\c@section@level=\count349
)
(C:\Users\natha\AppData\Local\Programs\MiKTeX\tex/generic/stringenc\stringenc.s
ty
Package: stringenc 2019/11/29 v1.12 Convert strings between diff. encodings (HO
)
)
\@linkdim=\dimen270
\Hy@linkcounter=\count350
\Hy@pagecounter=\count351
 (C:\Users\natha\AppData\Local\Programs\MiKTeX\tex/latex/hyperref\pd1enc.def
File: pd1enc.def 2024-11-05 v7.01l Hyperref: PDFDocEncoding definition (HO)
Now handling font encoding PD1 ...
... no UTF-8 mapping file for font encoding PD1
)
\Hy@SavedSpaceFactor=\count352
 (C:\Users\natha\AppData\Local\Programs\MiKTeX\tex/latex/hyperref\puenc.def
File: puenc.def 2024-11-05 v7.01l Hyperref: PDF Unicode definition (HO)
Now handling font encoding PU ...
... no UTF-8 mapping file for font encoding PU
)
Package hyperref Info: Hyper figures OFF on input line 4157.
Package hyperref Info: Link nesting OFF on input line 4162.
Package hyperref Info: Hyper index ON on input line 4165.
Package hyperref Info: Plain pages OFF on input line 4172.
Package hyperref Info: Backreferencing ON on input line 4175.
Package hyperref Info: Implicit mode ON; LaTeX internals redefined.
Package hyperref Info: Bookmarks ON on input line 4424.

(C:\Users\natha\AppData\Local\Programs\MiKTeX\tex/latex/hyperref\backref.sty
Package: backref 2023-11-26 v1.44 Bibliographical back referencing

(C:\Users\natha\AppData\Local\Programs\MiKTeX\tex/latex/rerunfilecheck\rerunfil
echeck.sty
Package: rerunfilecheck 2022-07-10 v1.10 Rerun checks for auxiliary files (HO)

(C:\Users\natha\AppData\Local\Programs\MiKTeX\tex/latex/base\atveryend-ltx.sty
Package: atveryend-ltx 2020/08/19 v1.0a Emulation of the original atveryend pac
kage
with kernel methods
)
(C:\Users\natha\AppData\Local\Programs\MiKTeX\tex/generic/uniquecounter\uniquec
ounter.sty
Package: uniquecounter 2019/12/15 v1.4 Provide unlimited unique counter (HO)

(C:\Users\natha\AppData\Local\Programs\MiKTeX\tex/generic/bigintcalc\bigintcalc
.sty
Package: bigintcalc 2019/12/15 v1.5 Expandable calculations on big integers (HO
)
))
Package uniquecounter Info: New unique counter `rerunfilecheck' on input line 2
85.
))
\c@Hy@tempcnt=\count353
 (C:\Users\natha\AppData\Local\Programs\MiKTeX\tex/latex/url\url.sty
\Urlmuskip=\muskip17
Package: url 2013/09/16  ver 3.4  Verb mode for urls, etc.
)
LaTeX Info: Redefining \url on input line 4763.
\XeTeXLinkMargin=\dimen271

(C:\Users\natha\AppData\Local\Programs\MiKTeX\tex/generic/bitset\bitset.sty
Package: bitset 2019/12/09 v1.3 Handle bit-vector datatype (HO)
)
\Fld@menulength=\count354
\Field@Width=\dimen272
\Fld@charsize=\dimen273
Package hyperref Info: Hyper figures OFF on input line 6042.
Package hyperref Info: Link nesting OFF on input line 6047.
Package hyperref Info: Hyper index ON on input line 6050.
Package hyperref Info: backreferencing ON on input line 6055.
Package hyperref Info: Link coloring OFF on input line 6062.
Package hyperref Info: Link coloring with OCG OFF on input line 6067.
Package hyperref Info: PDF/A mode OFF on input line 6072.

(C:\Users\natha\AppData\Local\Programs\MiKTeX\tex/latex/base\atbegshi-ltx.sty
Package: atbegshi-ltx 2021/01/10 v1.0c Emulation of the original atbegshi
package with kernel methods
)
\Hy@abspage=\count355
\c@Item=\count356
\c@Hfootnote=\count357
)
Package hyperref Info: Driver: hpdftex.
(C:\Users\natha\AppData\Local\Programs\MiKTeX\tex/latex/hyperref\hpdftex.def
File: hpdftex.def 2024-11-05 v7.01l Hyperref driver for pdfTeX
\Fld@listcount=\count358
\c@bookmark@seq@number=\count359
\Hy@SectionHShift=\skip134
)
Package hyperref Info: Option `colorlinks' set `true' on input line 189.
Package hyperref Info: Option `unicode' set `true' on input line 189.

(C:\Users\natha\AppData\Local\Programs\MiKTeX\tex/latex/caption\caption.sty
Package: caption 2023/08/05 v3.6o Customizing captions (AR)

(C:\Users\natha\AppData\Local\Programs\MiKTeX\tex/latex/caption\caption3.sty
Package: caption3 2023/07/31 v2.4d caption3 kernel (AR)
\caption@tempdima=\dimen274
\captionmargin=\dimen275
\caption@leftmargin=\dimen276
\caption@rightmargin=\dimen277
\caption@width=\dimen278
\caption@indent=\dimen279
\caption@parindent=\dimen280
\caption@hangindent=\dimen281
Package caption Info: Standard document class detected.
Package caption Info: french babel package is loaded.
)
\c@caption@flags=\count360
\c@continuedfloat=\count361
Package caption Info: changepage package is loaded.
\caption@adjustwidth@hsize=\dimen282
\caption@adjustwidth@linewidth=\dimen283
Package caption Info: float package is loaded.
Package caption Info: hyperref package is loaded.
Package caption Info: longtable package is loaded.

(C:\Users\natha\AppData\Local\Programs\MiKTeX\tex/latex/caption\ltcaption.sty
Package: ltcaption 2021/01/08 v1.4c longtable captions (AR)
)) (C:\Users\natha\AppData\Local\Programs\MiKTeX\tex/latex/etoc\etoc.sty
Package: etoc 2023/10/29 v1.2d Completely customisable TOCs (JFB)
\Etoc@toctoks=\toks38
\c@etoc@tocid=\count362
\etoc@framed@titlebox=\box123
\etoc@framed@contentsbox=\box124
)
LaTeX Font Info:    Trying to load font information for T1+phv on input line 21
1.

(C:\Users\natha\AppData\Local\Programs\MiKTeX\tex/latex/psnfss\t1phv.fd
File: t1phv.fd 2020/03/25 scalable font definitions for T1/phv.
)
LaTeX Font Info:    Font shape `T1/phv/m/n' will be
(Font)              scaled to size 8.99994pt on input line 211.

(C:\Users\natha\AppData\Local\Programs\MiKTeX\tex/latex/l3backend\l3backend-pdf
tex.def
File: l3backend-pdftex.def 2025-03-14 L3 backend support: PDF output (pdfTeX)
\l__color_backend_stack_int=\count363
) (refman.aux
Package babel Info: 'french' activates 'french' shorthands.
(babel)             Reported  on input line 13.
)
\openout1 = `refman.aux'.

LaTeX Font Info:    Checking defaults for OML/cmm/m/it on input line 211.
LaTeX Font Info:    ... okay on input line 211.
LaTeX Font Info:    Checking defaults for OMS/cmsy/m/n on input line 211.
LaTeX Font Info:    ... okay on input line 211.
LaTeX Font Info:    Checking defaults for OT1/cmr/m/n on input line 211.
LaTeX Font Info:    ... okay on input line 211.
LaTeX Font Info:    Checking defaults for T1/cmr/m/n on input line 211.
LaTeX Font Info:    ... okay on input line 211.
LaTeX Font Info:    Checking defaults for TS1/cmr/m/n on input line 211.
LaTeX Font Info:    ... okay on input line 211.
LaTeX Font Info:    Checking defaults for OMX/cmex/m/n on input line 211.
LaTeX Font Info:    ... okay on input line 211.
LaTeX Font Info:    Checking defaults for U/cmr/m/n on input line 211.
LaTeX Font Info:    ... okay on input line 211.
LaTeX Font Info:    Checking defaults for PD1/pdf/m/n on input line 211.
LaTeX Font Info:    ... okay on input line 211.
LaTeX Font Info:    Checking defaults for PU/pdf/m/n on input line 211.
LaTeX Font Info:    ... okay on input line 211.

(C:\Users\natha\AppData\Local\Programs\MiKTeX\tex/context/base/mkii\supp-pdf.mk
ii
[Loading MPS to PDF converter (version 2006.09.02).]
\scratchcounter=\count364
\scratchdimen=\dimen284
\scratchbox=\box125
\nofMPsegments=\count365
\nofMParguments=\count366
\everyMPshowfont=\toks39
\MPscratchCnt=\count367
\MPscratchDim=\dimen285
\MPnumerator=\count368
\makeMPintoPDFobject=\count369
\everyMPtoPDFconversion=\toks40
)
(C:\Users\natha\AppData\Local\Programs\MiKTeX\tex/latex/epstopdf-pkg\epstopdf-b
ase.sty
Package: epstopdf-base 2020-01-24 v2.11 Base part for package epstopdf
Package epstopdf-base Info: Redefining graphics rule for `.eps' on input line 4
85.

(C:\Users\natha\AppData\Local\Programs\MiKTeX\tex/latex/00miktex\epstopdf-sys.c
fg
File: epstopdf-sys.cfg 2021/03/18 v2.0 Configuration of epstopdf for MiKTeX
))
LaTeX Info: Redefining \degres on input line 211.


Package french.ldf Warning: Please load the "natbib" package
(french.ldf)                BEFORE babel/french; reported on input line 211.

Package french.ldf Info: Setting StandardItemizeEnv=true for
(french.ldf)             compatibility with enumitem package,
(french.ldf)             reported on input line 211.
Package french.ldf Info: Setting StandardEnumerateEnv=true for
(french.ldf)             compatibility with enumitem package,
(french.ldf)             reported on input line 211.
LaTeX Info: Redefining \up on input line 211.
*geometry* driver: auto-detecting
*geometry* detected driver: pdftex
*geometry* verbose mode - [ preamble ] result:
* driver: pdftex
* paper: a4paper
* layout: <same size as paper>
* layoutoffset:(h,v)=(0.0pt,0.0pt)
* modes: twoside 
* h-part:(L,W,R)=(71.13188pt, 455.24411pt, 71.13188pt)
* v-part:(T,H,B)=(71.13188pt, 702.78308pt, 71.13188pt)
* \paperwidth=597.50787pt
* \paperheight=845.04684pt
* \textwidth=455.24411pt
* \textheight=702.78308pt
* \oddsidemargin=-1.1381pt
* \evensidemargin=-1.1381pt
* \topmargin=-31.2056pt
* \headheight=12.0pt
* \headsep=18.06749pt
* \topskip=10.0pt
* \footskip=25.29494pt
* \marginparwidth=125.0pt
* \marginparsep=7.0pt
* \columnsep=10.0pt
* \skip\footins=9.0pt plus 4.0pt minus 2.0pt
* \hoffset=0.0pt
* \voffset=0.0pt
* \mag=1000
* \@twocolumnfalse
* \@twosidetrue
* \@mparswitchtrue
* \@reversemarginfalse
* (1in=72.27pt=25.4mm, 1cm=28.453pt)

Package backref Info: ** backref set up for natbib ** on input line 211.
Package hyperref Info: Link coloring ON on input line 211.
(refman.out) (refman.out)
\@outlinefile=\write5
\openout5 = `refman.out'.

Package caption Info: Begin \AtBeginDocument code.
Package caption Info: End \AtBeginDocument code.
\Etoc@tf=\read5
Package hyperref Info: Option `pageanchor' set `false' on input line 219.
Package hyperref Info: Option `bookmarksnumbered' set `true' on input line 219.

Package hyperref Info: Option `unicode' set `true' on input line 219.
LaTeX Font Info:    Font shape `T1/phv/m/n' will be
(Font)              scaled to size 12.9599pt on input line 224.
LaTeX Font Info:    Font shape `T1/phv/m/n' will be
(Font)              scaled to size 10.79993pt on input line 226.


[1


{C:/Users/natha/AppData/Local/MiKTeX/fonts/map/pdftex/pdftex.map}{C:/Users/nath
a/AppData/Local/Programs/MiKTeX/fonts/enc/dvips/base/8r.enc}]

[2

]
\tf@toc=\write6
\openout6 = `refman.toc'.

LaTeX Font Info:    Font shape `T1/phv/b/n' will be
(Font)              scaled to size 8.99994pt on input line 232.
LaTeX Font Info:    Trying to load font information for U+msa on input line 232
.
 (C:\Users\natha\AppData\Local\Programs\MiKTeX\tex/latex/amsfonts\umsa.fd
File: umsa.fd 2013/01/14 v3.01 AMS symbols A
)
LaTeX Font Info:    Trying to load font information for U+msb on input line 232
.

(C:\Users\natha\AppData\Local\Programs\MiKTeX\tex/latex/amsfonts\umsb.fd
File: umsb.fd 2013/01/14 v3.01 AMS symbols B
)
LaTeX Font Info:    Trying to load font information for U+wasy on input line 23
2.

(C:\Users\natha\AppData\Local\Programs\MiKTeX\tex/latex/wasysym\uwasy.fd
File: uwasy.fd 2020/01/19 v2.4 Wasy-2 symbol font definitions
)
LaTeX Font Info:    Trying to load font information for TS1+phv on input line 2
32.

(C:\Users\natha\AppData\Local\Programs\MiKTeX\tex/latex/psnfss\ts1phv.fd
File: ts1phv.fd 2020/03/25 scalable font definitions for TS1/phv.
)
LaTeX Font Info:    Font shape `TS1/phv/m/n' will be
(Font)              scaled to size 8.99994pt on input line 232.
LaTeX Font Info:    Font shape `T1/phv/m/n' will be
(Font)              scaled to size 6.29996pt on input line 232.


LaTeX Font Info:    Font shape `T1/phv/b/n' will be
(Font)              scaled to size 6.29996pt on input line 232.
[1]

[2]

[3]

[4]

[5]

[6]
Package hyperref Info: Option `pageanchor' set `true' on input line 235.

Chapitre 1.
LaTeX Font Info:    Font shape `T1/phv/m/n' will be
(Font)              scaled to size 18.66588pt on input line 237.
LaTeX Font Info:    Font shape `T1/phv/b/n' will be
(Font)              scaled to size 18.66588pt on input line 237.
LaTeX Font Info:    Font shape `T1/phv/b/n' will be
(Font)              scaled to size 22.39185pt on input line 237.
(namespaces.tex
LaTeX Font Info:    Font shape `T1/phv/b/n' will be
(Font)              scaled to size 12.9599pt on input line 1.
)

[1


]

Package babel Info: 'french' activates 'french' shorthands.
(babel)             Reported  on input line 239.
[2

]
Chapitre 2.
(hierarchy.tex

[3])

[4]
Chapitre 3.
(annotated.tex

[5

])

[6]
Chapitre 4.
(files.tex)

[7

]

[8

]
Chapitre 5.
(namespace_app.tex
LaTeX Font Info:    Font shape `TS1/phv/b/n' will be
(Font)              scaled to size 12.9599pt on input line 1.
) (namespace_app_1_1_controller.tex
LaTeX Font Info:    Font shape `T1/phv/m/n' will be
(Font)              scaled to size 8.09995pt on input line 7.
LaTeX Font Info:    Font shape `T1/phv/m/it' in size <9> not available
(Font)              Font shape `T1/phv/m/sl' tried instead on input line 7.
LaTeX Font Info:    Font shape `T1/phv/m/sl' will be
(Font)              scaled to size 8.09995pt on input line 7.
LaTeX Font Info:    Font shape `TS1/phv/m/it' in size <9> not available
(Font)              Font shape `TS1/phv/m/sl' tried instead on input line 9.
LaTeX Font Info:    Font shape `TS1/phv/m/sl' will be
(Font)              scaled to size 8.09995pt on input line 9.


[9]) (namespace_app_1_1_entity.tex) (namespace_app_1_1_form.tex

[10]) (namespace_app_1_1_repository.tex
LaTeX Font Info:    Font shape `T1/phv/m/it' in size <7> not available
(Font)              Font shape `T1/phv/m/sl' tried instead on input line 7.
LaTeX Font Info:    Font shape `T1/phv/m/sl' will be
(Font)              scaled to size 6.29996pt on input line 7.
) (namespace_app_1_1_security.tex)
(namespace_app_1_1_service.tex)

LaTeX Font Info:    Font shape `TS1/phv/b/n' will be
(Font)              scaled to size 8.99994pt on input line 253.
[11]

[12

]
Chapitre 6.
(class_app_1_1_controller_1_1_admin_controller.tex <./class_app_1_1_controller_
1_1_admin_controller.pdf>
<class_app_1_1_controller_1_1_admin_controller.pdf, id=1459, 501.875pt x 203.76
125pt>
File: class_app_1_1_controller_1_1_admin_controller.pdf Graphic file (type pdf)

<use class_app_1_1_controller_1_1_admin_controller.pdf>
Package pdftex.def Info: class_app_1_1_controller_1_1_admin_controller.pdf  use
d on input line 11.
(pdftex.def)             Requested size: 140.15645pt x 56.9055pt.
LaTeX Font Info:    Font shape `T1/phv/b/n' will be
(Font)              scaled to size 10.79993pt on input line 25.
LaTeX Font Info:    Font shape `T1/phv/m/n' will be
(Font)              scaled to size 7.19995pt on input line 32.
LaTeX Font Info:    Trying to load font information for T1+pcr on input line 32
.

(C:\Users\natha\AppData\Local\Programs\MiKTeX\tex/latex/psnfss\t1pcr.fd
File: t1pcr.fd 2001/06/04 font definitions for T1/pcr.
)
LaTeX Font Info:    Font shape `T1/pcr/m/it' in size <8> not available
(Font)              Font shape `T1/pcr/m/sl' tried instead on input line 33.


[13]
Underfull \hbox (badness 10000) detected at line 50
[][][]
 []


Underfull \hbox (badness 10000) detected at line 78
[][][]
 []



[14]
Underfull \hbox (badness 10000) detected at line 104
[][][]
 []

) (class_app_1_1_security_1_1_auth_authenticator.tex <./class_app_1_1_security_
1_1_auth_authenticator.pdf>
<class_app_1_1_security_1_1_auth_authenticator.pdf, id=1492, 501.875pt x 199.74
625pt>
File: class_app_1_1_security_1_1_auth_authenticator.pdf Graphic file (type pdf)

<use class_app_1_1_security_1_1_auth_authenticator.pdf>
Package pdftex.def Info: class_app_1_1_security_1_1_auth_authenticator.pdf  use
d on input line 11.
(pdftex.def)             Requested size: 142.9746pt x 56.9055pt.
LaTeX Font Info:    Font shape `T1/pcr/m/it' in size <7> not available
(Font)              Font shape `T1/pcr/m/sl' tried instead on input line 45.


[15]
Underfull \hbox (badness 10000) detected at line 73
[][][]
 []


Underfull \hbox (badness 10000) detected at line 93
[][][]
 []



[16]
Underfull \hbox (badness 10000) detected at line 117
[][][]
 []

LaTeX Font Info:    Trying to load font information for TS1+pcr on input line 1
27.
(C:\Users\natha\AppData\Local\Programs\MiKTeX\tex/latex/psnfss\ts1pcr.fd
File: ts1pcr.fd 2001/06/04 font definitions for TS1/pcr.
))
(class_app_1_1_controller_1_1_cart_controller.tex <./class_app_1_1_controller_1
_1_cart_controller.pdf>
<class_app_1_1_controller_1_1_cart_controller.pdf, id=1523, 501.875pt x 214.802
5pt>
File: class_app_1_1_controller_1_1_cart_controller.pdf Graphic file (type pdf)
<use class_app_1_1_controller_1_1_cart_controller.pdf>
Package pdftex.def Info: class_app_1_1_controller_1_1_cart_controller.pdf  used
 on input line 11.
(pdftex.def)             Requested size: 132.95029pt x 56.9055pt.


[17]
Underfull \hbox (badness 10000) detected at line 52
[][][]
 []


Underfull \hbox (badness 10000) detected at line 74
[][][]
 []



[18]
Underfull \hbox (badness 10000) detected at line 100
[][][]
 []

) (class_app_1_1_form_1_1_change_password_form_type.tex <./class_app_1_1_form_1
_1_change_password_form_type.pdf>
<class_app_1_1_form_1_1_change_password_form_type.pdf, id=1554, 501.875pt x 170
.6375pt>
File: class_app_1_1_form_1_1_change_password_form_type.pdf Graphic file (type p
df)
<use class_app_1_1_form_1_1_change_password_form_type.pdf>
Package pdftex.def Info: class_app_1_1_form_1_1_change_password_form_type.pdf  
used on input line 11.
(pdftex.def)             Requested size: 167.36528pt x 56.9055pt.


[19]) (class_app_1_1_security_1_1_email_verifier.tex)
(class_app_1_1_controller_1_1_home_controller.tex <./class_app_1_1_controller_1
_1_home_controller.pdf>
<class_app_1_1_controller_1_1_home_controller.pdf, id=1573, 501.875pt x 206.772
5pt>
File: class_app_1_1_controller_1_1_home_controller.pdf Graphic file (type pdf)
<use class_app_1_1_controller_1_1_home_controller.pdf>
Package pdftex.def Info: class_app_1_1_controller_1_1_home_controller.pdf  used
 on input line 11.
(pdftex.def)             Requested size: 138.11943pt x 56.9055pt.


[20]
Underfull \hbox (badness 10000) detected at line 44
[][][]
 []

) (class_app_1_1_kernel.tex <./class_app_1_1_kernel.pdf>
<class_app_1_1_kernel.pdf, id=1591, 501.875pt x 472.76625pt>
File: class_app_1_1_kernel.pdf Graphic file (type pdf)
<use class_app_1_1_kernel.pdf>
Package pdftex.def Info: class_app_1_1_kernel.pdf  used on input line 6.
(pdftex.def)             Requested size: 60.40619pt x 56.9055pt.
)
(class_app_1_1_controller_1_1_login_controller.tex <./class_app_1_1_controller_
1_1_login_controller.pdf>
<class_app_1_1_controller_1_1_login_controller.pdf, id=1598, 501.875pt x 207.77
625pt>
File: class_app_1_1_controller_1_1_login_controller.pdf Graphic file (type pdf)

<use class_app_1_1_controller_1_1_login_controller.pdf>
Package pdftex.def Info: class_app_1_1_controller_1_1_login_controller.pdf  use
d on input line 6.
(pdftex.def)             Requested size: 137.45319pt x 56.9055pt.


[21]) (class_app_1_1_controller_1_1_payment_controller.tex <./class_app_1_1_con
troller_1_1_payment_controller.pdf>
<class_app_1_1_controller_1_1_payment_controller.pdf, id=1613, 501.875pt x 190.
7125pt>
File: class_app_1_1_controller_1_1_payment_controller.pdf Graphic file (type pd
f)
<use class_app_1_1_controller_1_1_payment_controller.pdf>
Package pdftex.def Info: class_app_1_1_controller_1_1_payment_controller.pdf  u
sed on input line 11.
(pdftex.def)             Requested size: 149.7519pt x 56.9055pt.


[22]
Underfull \hbox (badness 10000) detected at line 66
[][][]
 []


Underfull \hbox (badness 10000) detected at line 88
[][][]
 []



[23]
Underfull \hbox (badness 10000) detected at line 105
[][][]
 []

) (class_app_1_1_controller_1_1_product_controller.tex <./class_app_1_1_control
ler_1_1_product_controller.pdf>
<class_app_1_1_controller_1_1_product_controller.pdf, id=1648, 501.875pt x 194.
7275pt>
File: class_app_1_1_controller_1_1_product_controller.pdf Graphic file (type pd
f)
<use class_app_1_1_controller_1_1_product_controller.pdf>
Package pdftex.def Info: class_app_1_1_controller_1_1_product_controller.pdf  u
sed on input line 11.
(pdftex.def)             Requested size: 146.65808pt x 56.9055pt.


[24]
Underfull \hbox (badness 10000) detected at line 44
[][][]
 []

) (class_app_1_1_controller_1_1_registration_controller.tex <./class_app_1_1_co
ntroller_1_1_registration_controller.pdf>
<class_app_1_1_controller_1_1_registration_controller.pdf, id=1666, 501.875pt x
 175.65625pt>
File: class_app_1_1_controller_1_1_registration_controller.pdf Graphic file (ty
pe pdf)
<use class_app_1_1_controller_1_1_registration_controller.pdf>
Package pdftex.def Info: class_app_1_1_controller_1_1_registration_controller.p
df  used on input line 11.
(pdftex.def)             Requested size: 162.58669pt x 56.9055pt.


[25]
Underfull \hbox (badness 10000) detected at line 81
[][][]
 []



[26]
Underfull \hbox (badness 10000) detected at line 113
[][][]
 []

) (class_app_1_1_form_1_1_registration_form_type.tex <./class_app_1_1_form_1_1_
registration_form_type.pdf>
<class_app_1_1_form_1_1_registration_form_type.pdf, id=1701, 501.875pt x 198.74
25pt>
File: class_app_1_1_form_1_1_registration_form_type.pdf Graphic file (type pdf)

<use class_app_1_1_form_1_1_registration_form_type.pdf>
Package pdftex.def Info: class_app_1_1_form_1_1_registration_form_type.pdf  use
d on input line 11.
(pdftex.def)             Requested size: 143.7021pt x 56.9055pt.


[27]) (class_app_1_1_controller_1_1_reset_password_controller.tex <./class_app_
1_1_controller_1_1_reset_password_controller.pdf>
<class_app_1_1_controller_1_1_reset_password_controller.pdf, id=1718, 501.875pt
 x 161.60374pt>
File: class_app_1_1_controller_1_1_reset_password_controller.pdf Graphic file (
type pdf)
<use class_app_1_1_controller_1_1_reset_password_controller.pdf>
Package pdftex.def Info: class_app_1_1_controller_1_1_reset_password_controller
.pdf  used on input line 11.
(pdftex.def)             Requested size: 176.72333pt x 56.9055pt.


[28]
Underfull \hbox (badness 10000) detected at line 71
[][][]
 []



[29]
Underfull \hbox (badness 10000) detected at line 95
[][][]
 []

) (class_app_1_1_entity_1_1_reset_password_request.tex <./class_app_1_1_entity_
1_1_reset_password_request.pdf>
<class_app_1_1_entity_1_1_reset_password_request.pdf, id=1746, 501.875pt x 189.
70876pt>
File: class_app_1_1_entity_1_1_reset_password_request.pdf Graphic file (type pd
f)
<use class_app_1_1_entity_1_1_reset_password_request.pdf>
Package pdftex.def Info: class_app_1_1_entity_1_1_reset_password_request.pdf  u
sed on input line 11.
(pdftex.def)             Requested size: 150.54068pt x 56.9055pt.


[30]
Underfull \hbox (badness 10000) detected at line 72
[][][]
 []


Underfull \hbox (badness 10000) detected at line 85
[][][]
 []



[31]) (class_app_1_1_form_1_1_reset_password_request_form_type.tex <./class_app
_1_1_form_1_1_reset_password_request_form_type.pdf>
<class_app_1_1_form_1_1_reset_password_request_form_type.pdf, id=1780, 501.875p
t x 150.5625pt>
File: class_app_1_1_form_1_1_reset_password_request_form_type.pdf Graphic file 
(type pdf)
<use class_app_1_1_form_1_1_reset_password_request_form_type.pdf>
Package pdftex.def Info: class_app_1_1_form_1_1_reset_password_request_form_typ
e.pdf  used on input line 11.
(pdftex.def)             Requested size: 189.68831pt x 56.9055pt.


[32]) (class_app_1_1_repository_1_1_reset_password_request_repository.tex <./cl
ass_app_1_1_repository_1_1_reset_password_request_repository.pdf>
<class_app_1_1_repository_1_1_reset_password_request_repository.pdf, id=1797, 5
01.875pt x 45.16875pt>
File: class_app_1_1_repository_1_1_reset_password_request_repository.pdf Graphi
c file (type pdf)
<use class_app_1_1_repository_1_1_reset_password_request_repository.pdf>
Package pdftex.def Info: class_app_1_1_repository_1_1_reset_password_request_re
pository.pdf  used on input line 11.
(pdftex.def)             Requested size: 392.1195pt x 35.29025pt.

Underfull \hbox (badness 4242) in paragraph at lines 19--20
[][] \T1/phv/m/n/10 (ob-ject $user, \Date[]Time[]Interface $expires[]At, string
 $se-lec-tor, string
 []



[33]
Underfull \hbox (badness 10000) detected at line 70
[][][]
 []

) (class_app_1_1_controller_1_1_security_controller.tex

[34] <./class_app_1_1_controller_1_1_security_controller.pdf>
<class_app_1_1_controller_1_1_security_controller.pdf, id=1823, 501.875pt x 191
.71625pt>
File: class_app_1_1_controller_1_1_security_controller.pdf Graphic file (type p
df)
<use class_app_1_1_controller_1_1_security_controller.pdf>
Package pdftex.def Info: class_app_1_1_controller_1_1_security_controller.pdf  
used on input line 11.
(pdftex.def)             Requested size: 148.96313pt x 56.9055pt.

Underfull \hbox (badness 10000) detected at line 42
[][][]
 []


Underfull \hbox (badness 10000) detected at line 57
[][][]
 []



[35]) (class_app_1_1_controller_1_1_shop_controller.tex <./class_app_1_1_contro
ller_1_1_shop_controller.pdf>
<class_app_1_1_controller_1_1_shop_controller.pdf, id=1843, 501.875pt x 209.783
75pt>
File: class_app_1_1_controller_1_1_shop_controller.pdf Graphic file (type pdf)
<use class_app_1_1_controller_1_1_shop_controller.pdf>
Package pdftex.def Info: class_app_1_1_controller_1_1_shop_controller.pdf  used
 on input line 11.
(pdftex.def)             Requested size: 136.136pt x 56.9055pt.

Underfull \hbox (badness 10000) detected at line 44
[][][]
 []

) (class_app_1_1_service_1_1_stripe_service.tex

[36]

[37]
Underfull \hbox (badness 10000) detected at line 60
[][][]
 []

) (class_app_1_1_entity_1_1_sweatshirt.tex

[38]

[39]

[40]

[41]

[42]) (class_app_1_1_repository_1_1_sweatshirt_repository.tex <./class_app_1_1_
repository_1_1_sweatshirt_repository.pdf>
<class_app_1_1_repository_1_1_sweatshirt_repository.pdf, id=1955, 501.875pt x 8
8.33pt>
File: class_app_1_1_repository_1_1_sweatshirt_repository.pdf Graphic file (type
 pdf)
<use class_app_1_1_repository_1_1_sweatshirt_repository.pdf>
Package pdftex.def Info: class_app_1_1_repository_1_1_sweatshirt_repository.pdf
  used on input line 11.
(pdftex.def)             Requested size: 323.32782pt x 56.9055pt.


[43]) (class_app_1_1_form_1_1_sweatshirt_type.tex <./class_app_1_1_form_1_1_swe
atshirt_type.pdf>
<class_app_1_1_form_1_1_sweatshirt_type.pdf, id=1967, 501.875pt x 241.90375pt>
File: class_app_1_1_form_1_1_sweatshirt_type.pdf Graphic file (type pdf)
<use class_app_1_1_form_1_1_sweatshirt_type.pdf>
Package pdftex.def Info: class_app_1_1_form_1_1_sweatshirt_type.pdf  used on in
put line 11.
(pdftex.def)             Requested size: 118.0555pt x 56.9055pt.


[44]

[45]) (class_app_1_1_entity_1_1_user.tex <./class_app_1_1_entity_1_1_user.pdf>
<class_app_1_1_entity_1_1_user.pdf, id=1994, 501.875pt x 88.33pt>
File: class_app_1_1_entity_1_1_user.pdf Graphic file (type pdf)
<use class_app_1_1_entity_1_1_user.pdf>
Package pdftex.def Info: class_app_1_1_entity_1_1_user.pdf  used on input line 
11.
(pdftex.def)             Requested size: 323.32782pt x 56.9055pt.


[46]

[47]
Underfull \hbox (badness 10000) detected at line 86
[][][]
 []


Underfull \hbox (badness 10000) detected at line 139
[][][]
 []


Underfull \hbox (badness 10000) detected at line 152
[][][]
 []


Underfull \hbox (badness 10000) detected at line 155
[][][]
 []



[48]
Underfull \hbox (badness 10000) detected at line 168
[][][]
 []



[49]

[50]) (class_app_1_1_repository_1_1_user_repository.tex <./class_app_1_1_reposi
tory_1_1_user_repository.pdf>
<class_app_1_1_repository_1_1_user_repository.pdf, id=2077, 501.875pt x 68.255p
t>
File: class_app_1_1_repository_1_1_user_repository.pdf Graphic file (type pdf)
<use class_app_1_1_repository_1_1_user_repository.pdf>
Package pdftex.def Info: class_app_1_1_repository_1_1_user_repository.pdf  used
 on input line 11.
(pdftex.def)             Requested size: 396.4769pt x 53.92068pt.


[51]

[52])

[53]

[54

]
Chapitre 7.
(_admin_controller_8php.tex) (_cart_controller_8php.tex)
(_home_controller_8php.tex

[55]) (_login_controller_8php.tex) (_payment_controller_8php.tex)
(_product_controller_8php.tex) (_registration_controller_8php.tex

[56]) (_reset_password_controller_8php.tex) (_security_controller_8php.tex)
(_shop_controller_8php.tex

[57]) (_reset_password_request_8php.tex) (_sweatshirt_8php.tex) (_user_8php.tex
) (_change_password_form_type_8php.tex

[58]) (_registration_form_type_8php.tex)
(_reset_password_request_form_type_8php.tex) (_sweatshirt_type_8php.tex

[59]) (_kernel_8php.tex) (_reset_password_request_repository_8php.tex)
(_sweatshirt_repository_8php.tex) (_user_repository_8php.tex

[60]) (_auth_authenticator_8php.tex) (_email_verifier_8php.tex)
(_cart_service_8php.tex) (_stripe_service_8php.tex

[61])

[62]
No file refman.ind.
(refman.aux)
 ***********
LaTeX2e <2024-11-01> patch level 2
L3 programming layer <2025-03-26>
 ***********
Package rerunfilecheck Info: File `refman.out' has not changed.
(rerunfilecheck)             Checksum: AB1A2F54DDCF5EEC0CA3CAED72D11118;56972.
 ) 
Here is how much of TeX's memory you used:
 21589 strings out of 469959
 387050 string characters out of 5469835
 818936 words of memory out of 5000000
 47313 multiletter control sequences out of 15000+600000
 680402 words of font info for 109 fonts, out of 8000000 for 9000
 1141 hyphenation exceptions out of 8191
 101i,16n,117p,570b,778s stack positions out of 10000i,1000n,20000p,200000b,200000s
<C:/Users/natha/AppData/Local/Programs/MiKTeX/fonts/type1/public/amsfonts/cm/
cmmi10.pfb><C:/Users/natha/AppData/Local/Programs/MiKTeX/fonts/type1/public/ams
fonts/cm/cmmi7.pfb><C:/Users/natha/AppData/Local/Programs/MiKTeX/fonts/type1/pu
blic/amsfonts/cm/cmsy10.pfb><C:/Users/natha/AppData/Local/Programs/MiKTeX/fonts
/type1/public/amsfonts/cm/cmsy7.pfb><C:/Users/natha/AppData/Local/Programs/MiKT
eX/fonts/type1/urw/courier/ucrr8a.pfb><C:/Users/natha/AppData/Local/Programs/Mi
KTeX/fonts/type1/urw/courier/ucrro8a.pfb><C:/Users/natha/AppData/Local/Programs
/MiKTeX/fonts/type1/urw/helvetic/uhvb8a.pfb><C:/Users/natha/AppData/Local/Progr
ams/MiKTeX/fonts/type1/urw/helvetic/uhvb8ac.pfb><C:/Users/natha/AppData/Local/P
rograms/MiKTeX/fonts/type1/urw/helvetic/uhvr8a.pfb><C:/Users/natha/AppData/Loca
l/Programs/MiKTeX/fonts/type1/urw/helvetic/uhvro8a.pfb>
Output written on refman.pdf (70 pages, 613621 bytes).
PDF statistics:
 2409 PDF objects out of 2487 (max. 8388607)
 598 named destinations out of 1000 (max. 500000)
 1930 words of extra memory for PDF output out of 10000 (max. 10000000)

